198 58 138 147 125 197 145 75 33 88 136 33 160 180 34 6 73 72 7 42 192 132 132 10 46
181 46 167 13 11 46 130 11 127 134 85 147 73 127 156 19 141 87 89 11 11 93 72 180 191
85 147 104 106 92 112 167 181 14 100 26 43 32 48 58 79 139 170 11 156 177 197 111 132 151
125 164 91 159 152 183 65 27 99 76 84 27 2 199 48 67 60 152 173 122 68 115 103 31 154
182 110 137 184 77 48 178 17 180 8 159 72 120 31 196 146 190 185 105 188 45 66 78 43 82
103 106 33 122 143 9 85 42 96 142 53 18 181 68 133 176 156 154 3 178 165 22 7 10 135
172 141 120 91 48 168 152 24 115 182 56 102 167 55 125 64 172 23 76 12 159 73 125 62 181
17 71 164 123 154 126 172 120 111 161 125 7 120 117 148 155 60 42 80 199 90 67 87 130 128
71 32 49 153 61 83 66 144 66 33 110 66 62 83 164 56 165 162 129 38 51 87 16 52 20
131 44 101 173 178 156 81 43 94 10 177 20 129 158 60 77 73 49 93 80 182 122 69 123 101
56 17 89 21 70 7 81 112 88 158 27 120 48 70 61 149 126 153 148 4 131 135 125 20 169
122 67 35 167 83 67 60 45 140 71 193 15 104 117 131 35 98 77 90 193 73 4 199 21 102
144 51 199 149 4 148 194 146 106 0 193 44 198 51 169 147 7 197 60 91 11 30 107 66 94
20 56 144 168 27 136 66 112 168 4 56 130 77 84 38 1 27 138 166 96 104 112 169 199 107
13 16 29 42 47 88 49 68 44 6 162 80 59 11 170 177 14 174 192 102 96 97 19 133 36
150 183 56 194 128 130 41 92 149 138 16 141 57 50 80 43 28 183 73 79 23 34 142 43 141
144 188 155 15 35 150 27 33 41 22 121 164 108 53 133 56 24 99 17 43 59 78 145 168 18
63 148 59 180 143 87 186 100 169 96 153 109 34 156 125 25 144 148 113 24 27 38 42 101 180
120 149 12 35 30 6 180 81 132 55 142 122 55 157 122 79 106 110 29 21 124 47 74 62 95
53 36 63 32 25 22 61 21 166 34 58 125 164 147 106 111 63 162 110 114 142 135 109 51 139
105 139 6 65 15 17 94 163 181 127 16 198 122 76 68 135 129 142 177 76 140 172 92 130 96
154 189 9 190 44 59 94 173 82 147 141 122 104 182 71 76 37 170 77 66 44 54 111 23 124
135 92 21 36 144 5 49 153 63 148 73 119 101 102 5 185 28 150 200 46 19 187 157 194 121
38 131 32 92 0 18 199 112 136 164 31 178 165 129 98 134 122 22 117 164 191 106 67 74 35
43 133 79 160 142 175 1 103 57 111 19 70 61 27 51 162 3 152 140 152 197 181 84 53 130
116 19 145 98 62 31 165 65 22 13 191 25 6 7 93 160 26 139 41 156 17 42 14 54 99
88 84 13 44 142 197 21 41 132 69 158 164 23 42 119 30 43 81 97 195 83 156 24 178 84
55 65 195 153 117 89 167 137 51 191 111 165 145 107 164 74 87 51 20 16 197 197 131 166 42
6 174 6 63 120 79 38 61 31 172 77 169 124 196 20 107 17 43 6 161 195 168 5 56 185
43 101 198 151 25 123 29 110 8 150 106 145 100 49 126 124 19 131 181 7 86 88 68 147 5
36 88 136 80 151 174 76 155 195 41 83 42 125 93 183 182 65 4 18 96 150 119 193 36 1
45 20 73 137 38 90 92 136 26 40 28 37 193 194 35 22 187 115 172 170 130 199 120 111 148
88 91 144 26 152 104 122 142 0 177 132 171 37 123 45 24 55 108 146 129 185 176 186 171 162
68 155 195 97 80 16 30 171 128 66 57 35 62 108 109 95 98 42 108 49 92 97 159 175 34
148 167 199 158 63 30 11 37 77 144 181 132 23 129 132 115 163 111 180 27 144 22 113 11 200
6 51 71 95 1 69 184 35 130 164 165 109 97 57 166 21 137 161 177 116 31 62 25 82 31
104 162 45 16 37 76 47 96 119 145 19 185 38 28 167 136 53 12 65 180 24 130 83 98 161
80 167 38 114 141 122 125 150 98 186 13 192 105 50 102 22 133 124 178 8 153 126 198 67 136
117 51 55 63 167 165 45 68 167 86 20 193 19 15 10 143 179 190 45 157 134 166 32 168 153
198 146 113 163 144 128 33 163 50 53 61 107 48 179 141 128 23 101 18 79 28 68 53 46 151
42 128 182 39 168 170 60 117 29 58 54 105 182 200 160 181 112 158 117 16 41 111 122 10 4
173 173 59 81 65 157 159 61 16 75 126 122 180 51 76 165 9 187 106 104 169 56 4 194 57
60 120 148 51 59 22 137 79 19 8 113 30 35 150 176 15 155 161 91 74 3 37 134 179 7
165 32 168 88 185 40 16 108 36 27 41 9 46 183 175 107 150 105 145 196 61 155 33 25 68
180 21 131 76 36 154 129 91 54 89 33 183 177 196 191 186 104 172 153 197 112 4 170 3 12
162 66 157 3 11 37 150 75 6 88 160 178 41 132 18 124 116 79 26 114 114 96 29 195 174
158 133 198 13 44 187 139 139 175 160 93 90 109 24 95 189 76 57 143 89 79 135 41 128 23
7 186 72 19 175 109 153 129 189 69 78 11 193 97 96 109 159 184 58 176 17 32 162 147 17
177 167 29 154 168 141 44 122 83 16 130 88 58 39 189 155 14 43 188 73 17 124 99 109 3
107 33 111 94 69 44 177 195 115 40 74 138 151 139 6 37 40 11 100 181 184 139 174 14 105
27 38 26 98 197 136 104 83 180 70 179 66 157 89 76 62 67 18 106 192 98 125 16 166 180
172 195 159 173 111 166 91 173 13 155 64 92 197 148 33 111 184 162 119 151 45 134 195 160 118
33 8 99 60 93 4 26 37 182 138 78 166 115 10 130 40 182 115 4 176 21 176 179 155 76
50 68 44 95 62 91 76 4 135 175 107 98 27 14 142 167 40 155 58 65 5 74 66 13 113
53 16 28 60 101 176 170 76 138 79 134 131 161 36 153 61 82 70 42 97 150 40 58 158 102
48 65 84 192 57 145 63 163 175 8 34 92 167 162 142 173 81 27 63 28 166 79 136 80 69
188 85 116 166 12 3 189 63 117 49 60 84 53 49 168 176 111 126 108 36 197 89 34 149 4
120 52 198 153 53 151 115 143 92 96 74 56 110 103 11 15 124 181 31 149 60 129 41 56 167
138 198 181 76 121 104 189 48 81 145 44 80 69 55 70 62 137 148 200 44 43 167 147 141 160
136 93 59 138 118 111 1 100 174 65 103 129 17 86 190 92 178 156 188 152 107 92 3 69 17
112 199 83 72 28 133 80 168 162 145 48 119 24 44 150 180 29 59 2 171 164 152 101 44 133
11 106 172 78 80 156 95 87 98 77 119 147 62 38 1 91 103 129 110 147 71 139 111 2 73
121 44 15 22 97 77 189 180 182 187 61 10 118 139 184 8 51 139 48 79 167 92 54 110 82
38 84 111 27 191 3 142 127 146 63 44 139 87 42 117 92 143 75 156 91 51 26 2 64 9
114 154 156 39 22 1 95 194 27 193 188 63 145 117 94 38 151 170 97 191 5 83 83 149 90
45 101 110 62 83 154 129 64 80 75 25 10 160 145 113 182 101 168 128 37 179 152 173 78 167
116 40 67 0 180 102 110 155 82 22 91 164 184 153 131 4 24 182 10 45 66 118 40 93 164
153 61 153 98 176 137 18 46 13 193 100 159 140 171 97 63 58 162 140 21 11 170 22 101 197
106 146 16 19 5 48 106 17 19 53 99 107 125 6 141 1 52 195 97 131 9 64 43 41 32
42 5 103 9 43 145 200 129 18 12 144 114 175 71 179 188 154 137 90 34 67 161 117 47 186
56 178 131 85 111 142 110 175 136 126 18 127 160 140 95 188 76 183 158 125 23 28 27 71 158
15 165 170 131 33 95 87 184 123 187 165 168 95 145 186 28 110 18 134 38 51 158 51 124 162
104 41 57 108 145 147 86 58 28 151 0 97 52 78 36 44 134 86 102 27 48 137 96 32 172
46 56 64 81 53 92 113 95 31 193 177 101 13 61 166 26 147 34 109 18 131 35 116 75 191
155 101 96 86 77 66 104 143 97 188 130 19 116 39 195 39 133 134 150 191 47 87 151 29 95
164 143 2 168 20 71 38 187 185 185 18 37 4 1 63 161 12 166 167 193 160 140 169 56 184
81 59 95 22 171 2 168 148 93 21 174 13 1 70 188 115 44 0 90 169 14 161 3 127 168
27 71 17 26 180 144 193 33 128 148 4 111 143 114 180 66 174 21 163 130 87 159 6 2 9
129 145 96 21 26 189 59 31 118 132 186 136 21 152 16 83 176 1 145 50 200 32 19 58 39
110 55 52 199 92 147 2 107 1 123 196 182 175 199 73 81 46 194 165 32 74 177 31 119 121
131 121 109 26 133 40 199 100 191 91 187 39 183 83 138 177 38 86 13 188 71 3 150 153 44
37 123 119 118 62 119 183 11 79 177 63 48 20 4 158 76 193 47 97 29 34 95 168 36 34
117 44 64 127 66 166 129 169 184 31 50 76 176 115 142 172 139 198 92 165 104 32 195 83 132
165 15 96 78 89 158 150 15 5 141 115 140 162 24 86 100 105 45 41 97 194 158 120 57 90
103 179 169 11 147 179 32 117 84 174 126 65 30 116 53 179 6 48 169 141 53 88 50 103 27
108 90 154 2 109 194 91 164 103 43 147 186 52 196 94 172 58 6 137 137 118 182 144 143 174
142 178 61 152 12 155 15 182 69 39 90 114 66 156 69 141 26 162 117 168 62 108 164 31 164
104 68 97 90 114 37 100 152 36 114 157 18 41 129 182 134 120 97 129 60 181 123 6 61 104
42 32 198 53 181 14 110 63 153 140 5 85 20 109 158 85 33 14 87 89 150 142 194 38 112
87 72 196 30 54 170 0 142 27 158 109 49 117 45 160 195 126 44 91 136 37 141 158 127 130
116 147 65 59 186 15 131 118 108 120 180 150 169 14 173 5 98 66 93 51 170 50 164 50 195
174 107 93 93 106 137 22 122 184 173 83 177 75 96 162 121 100 137 150 177 30 48 183 84 114
72 5 106 128 76 64 196 52 189 131 45 52 160 58 67 122 164 28 181 150 189 68 158 0 23
97 110 143 30 29 70 150 42 104 102 185 109 5 75 150 118 78 56 62 132 192 163 163 192 125
35 93 127 0 138 28 163 194 42 93 38 0 8 108 171 124 152 38 2 76 155 2 175 18 85
162 106 86 58 69 164 28 100 43 101 6 87 200 194 91 102 149 118 114 30 45 139 40 64 10
64 0 107 20 124 65 120 105 5 28 189 107 42 39 155 148 113 68 166 27 114 5 76 78 36
176 182 33 8 30 23 138 87 108 168 127 120 191 9 31 5 170 127 178 51 116 67 119 144 37
193 154 173 194 132 5 188 165 82 84 145 108 168 196 169 29 96 0 159 199 22 154 66 12 96
39 152 151 167 47 177 200 172 120 18 136 79 186 112 19 118 31 1 102 190 183 91 101 127 88
102 61 151 161 21 39 65 180 5 175 161 14 196 57 172 28 23 4 38 45 49 91 88 121 180
67 3 13 121 42 135 138 165 188 181 119 108 111 21 54 200 53 155 182 20 47 56 12 4 190
100 99 121 27 155 16 113 92 180 194 126 74 74 71 197 167 198 148 194 32 66 72 121 157 7
100 104 121 46 142 111 78 36 73 57 119 113 19 188 30 127 22 146 35 107 30 0 116 181 190
34 139 134 1 16 163 178 41 72 33 59 106 93 109 35 184 108 152 26 165 200 60 198 74 66
144 67 95 0 28 193 75 192 43 133 83 96 13 132 183 105 141 31 162 179 108 51 74 82 1
6 2 46 11 0 133 49 142 50 179 112 135 152 67 95 84 58 80 0 8 121 98 67 49 25
73 130 67 38 49 170 165 13 110 159 122 107 127 57 4 167 31 137 18 84 145 72 103 73 113
13 48 154 18 199 54 113 26 50 139 184 148 141 6 158 32 138 35 2 31 31 146 54 193 39
169 162 20 170 88 194 48 26 22 197 200 70 180 77 199 166 19 79 142 152 10 0 195 149 191
85 63 110 129 172 132 31 1 93 199 83 119 38 41 193 27 27 108 42 113 15 182 104 159 72
200 54 18 136 60 128 58 129 118 179 105 128 12 63 160 163 18 126 7 152 114 107 165 139 69
134 152 117 44 182 40 29 122 185 38 196 172 24 148 117 111 167 120 138 17 116 192 187 97 167
134 9 158 80 150 48 152 108 29 123 67 15 3 197 147 64 89 110 62 55 28 182 170 59 9
30 197 184 92 112 45 87 88 148 101 115 106 153 100 81 96 82 78 185 67 196 51 125 95 112
195 129 135 30 7 186 57 56 24 60 31 91 84 3 28 45 129 23 83 189 104 125 122 81 52
123 53 69 128 159 42 174 61 33 91 111 82 10 192 52 171 96 59 117 6 164 133 145 169 21
194 193 88 45 40 92 114 118 137 163 153 85 38 65 100 9 100 141 152 5 111 150 37 182 45
108 73 97 1 99 56 95 133 159 41 174 141 167 49 106 122 90 104 6 8 184 136 124 199 153
79 149 89 192 43 138 130 194 59 36 121 162 9 52 71 104 93 130 58 194 89 154 118 189 184
164 102 95 75 90 115 184 149 19 141 34 89 91 33 192 139 56 59 30 117 86 138 147 139 106
152 83 56 40 33 184 11 197 110 168 182 179 188 93 18 182 13 128 6 128 16 160 72 146 64
156 25 55 113 54 27 200 191 11 67 108 1 105 161 182 30 196 43 84 74 127 35 182 55 16
8 25 174 0 176 135 165 179 87 185 36 193 5 134 104 9 182 199 39 44 63 23 104 118 6
184 151 150 14 167 49 119 70 52 116 110 1 29 194 106 118 117 77 115 161 9 146 60 124 168
40 156 78 51 75 35 105 110 30 85 98 31 157 7 38 94 150 141 70 36 38 57 13 7 137
155 130 192 46 84 104 24 99 107 20 144 55 23 24 183 153 82 87 47 156 200 139 26 149 34
23 4 169 84 179 81 88 83 193 69 74 193 128 133 30 182 181 117 39 95 3 31 78 183 66
86 86 192 54 82 36 72 59 89 35 189 90 56 124 167 48 134 45 129 59 111 158 14 168 182
24 37 27 146 151 164 10 187 190 143 171 50 150 69 106 136 178 152 191 57 185 140 89 160 24
185 59 51 143 91 148 77 82 114 158 199 143 74 142 79 153 80 115 25 47 40 14 25 154 179
101 133 139 27 185 173 13 96 137 15 66 40 36 97 92 54 144 14 98 146 195 48 49 142 85
144 5 19 12 30 101 127 180 149 34 73 120 43 140 167 184 45 190 69 61 90 20 98 123 59
162 89 103 65 49 42 195 62 136 2 84 83 13 120 31 18 71 185 174 178 71 27 153 84 36
160 31 35 182 71 146 54 39 194 59 86 186 92 167 198 113 191 18 190 168 172 12 160 122 51
181 179 63 164 152 58 69 199 62 121 25 187 146 105 190 177 174 140 6 154 26 99 150 172 102
97 168 164 14 95 92 61 72 42 91 5 125 171 61 87 8 111 9 36 86 99 14 139 170 83
103 90 148 179 113 171 35 121 185 133 25 14 187 64 130 89 54 115 154 181 152 32 40 194 36
182 46 89 119 21 195 92 94 6 158 54 49 178 186 119 59 97 79 150 188 55 61 140 114 42
109 76 195 132 67 169 157 62 189 182 8 196 18 76 5 24 79 142 91 45 9 134 67 8 110
84 22 188 33 8 130 124 144 138 68 130 11 50 145 12 77 20 54 136 23 169 183 82 190 49
84 129 8 172 129 158 36 43 143 138 132 52 106 0 52 145 181 61 63 173 69 188 61 139 84
46 85 3 156 123 23 71 121 166 49 93 118 107 59 50 130 138 60 150 65 60 178 74 34 67
159 28 173 123 26 158 3 158 177 137 153 190 122 38 131 142 144 1 166 23 136 5 146 71 186
25 199 108 64 73 51 102 123 58 26 133 111 128 69 121 99 76 147 146 200 110 74 77 30 102
123 81 90 72 16 53 38 133 86 168 94 34 181 151 55 113 47 141 154 44 38 42 71 34 65
83 19 171 169 27 1 162 197 10 114 37 140 116 123 69 129 107 108 193 159 1 116 134 15 79
186 175 148 82 139 70 131 191 4 139 107 194 138 131 48 172 90 21 198 182 4 150 143 109 94
8 54 159 167 30 60 32 173 121 126 75 16 183 51 195 155 50 159 178 112 20 86 190 56 102
63 82 98 92 143 64 159 130 167 102 131 77 25 50 13 146 98 132 113 78 25 14 3 0 2
166 67 175 34 67 93 150 157 112 65 13 64 96 69 176 152 35 56 60 5 177 14 127 72 134
165 128 42 26 14 178 118 25 46 26 37 90 161 3 86 179 69 28 122 143 83 14 37 9 129
148 27 164 112 42 145 146 183 106 129 199 36 174 167 180 154 13 166 103 155 47 115 22 150 106
66 153 17 94 160 106 42 30 66 172 75 47 31 130 47 80 116 21 31 196 140 11 189 10 145
161 167 112 87 184 98 118 93 93 127 168 181 28 42 123 79 30 47 78 81 180 89 112 8 107
2 98 19 15 0 108 77 41 113 150 142 122 168 107 78 92 18 115 77 94 32 122 188 43 12
18 74 67 134 134 45 134 97 109 177 20 18 98 53 123 186 196 6 71 93 197 105 92 178 151
172 148 31 165 191 80 83 140 13 129 8 150 155 146 88 134 34 73 109 79 79 90 59 100 155
104 153 85 156 96 200 138 43 153 5 68 44 133 59 165 185 193 178 149 76 47 134 119 26 32
28 19 169 62 100 48 162 38 62 56 180 46 19 22 20 135 25 4 49 199 138 91 117 199 172
80 51 196 192 68 34 123 16 26 101 164 186 41 158 62 59 4 0 6 1 131 192 200 192 198
196 43 16 127 32 124 98 37 194 144 132 50 24 88 42 184 187 166 79 108 179 176 25 100 49
100 155 116 57 33 144 124 57 121 101 62 135 68 135 24 33 104 165 180 119 197 159 158 108 120
162 30 41 3 3 128 163 106 172 83 110 53 38 8 38 26 95 46 141 174 117 114 89 73 98
175 80 88 162 3 46 145 31 100 199 67 43 57 174 123 33 137 153 119 121 27 105 101 3 125
32 63 108 58 33 11 195 192 195 185 109 156 73 161 27 42 6 23 104 48 107 4 11 66 114
129 2 46 32 50 131 167 115 62 151 76 144 180 109 28 16 145 44 141 27 62 128 123 9 23
16 145 125 199 156 101 4 130 121 71 137 105 45 113 160 137 100 111 180 20 121 105 64 97 90
115 70 91 138 92 65 82 120 107 65 81 99 101 165 94 154 6 6 15 159 45 67 68 163 155
181 2 168 4 178 56 94 87 55 196 73 97 26 77 168 109 30 112 140 5 75 27 181 60 111
136 5 110 81 37 134 145 131 61 94 33 160 114 94 171 200 69 58 187 180 111 182 73 22 51
183 112 54 68 174 196 76 149 120 15 74 97 169 16 37 164 107 124 134 124 131 25 91 186 191
102 73 18 144 166 196 192 166 64 169 154 165 152 142 167 67 189 190 152 130 172 186 3 35 138
43 118 48 173 199 171 175 109 34 173 44 79 193 76 131 53 139 4 171 138 86 191 26 29 139
19 16 38 157 51 121 71 10 140 94 79 141 171 186 37 104 44 75 165 19 3 23 127 135 50
180 159 137 145 137 25 163 4 70 114 80 25 43 8 120 116 101 10 167 38 12 139 4 92 185
9 129 99 60 198 156 104 62 99 163 177 152 13 112 166 161 142 133 114 173 6 78 35 44 151
28 179 147 108 70 32 115 187 177 158 50 190 95 56 112 38 110 83 23 161 108 158 144 80 122
4 34 25 107 146 142 184 24 11 192 136 187 148 18 99 11 127 151 37 96 63 122 79 119 34
104 114 46 140 168 83 168 179 6 152 105 99 83 6 38 158 54 98 133 38 144 142 101 41 153
51 82 156 155 162 13 107 151 65 139 138 68 195 27 24 132 154 144 72 72 96 178 167 14 130
167 112 121 38 31 65 15 43 112 24 58 1 170 60 47 157 37 25 104 16 146 147 133 130 182
56 152 62 146 58 119 177 64 14 116 3 130 40 38 148 10 178 62 154 7 175 166 153 25 121
114 200 14 100 18 133 39 11 12 38 124 124 31 134 196 18 130 130 62 47 43 131 128 75 43
162 158 198 13 21 134 0 28 168 62 143 7 146 186 148 46 85 73 169 46 13 55 74 116 58
63 82 147 92 193 116 81 45 99 198 173 188 114 146 56 36 28 69 105 133 20 18 196 175 121
124 31 110 63 188 175 96 140 58 72 173 161 89 52 6 174 154 176 23 166 86 34 52 122 198
140 100 152 123 173 78 16 114 96 6 91 11 19 12 150 194 198 133 49 40 46 178 200 191 25
46 88 56 122 43 154 90 71 123 108 145 85 52 172 154 51 3 51 174 0 162 144 72 180 95
190 194 65 27 130 171 126 143 7 129 4 62 76 169 48 122 15 152 139 138 185 189 30 49 190
82 69 36 130 194 149 83 107 54 7 121 109 196 77 115 6 197 148 92 20 177 49 0 44 10
148 86 163 131 89 82 75 2 51 68 49 32 13 19 87 147 51 92 180 79 174 158 179 178 52
140 112 67 181 167 56 184 188 15 158 106 63 130 21 37 8 130 134 135 189 46 51 58 198 160
138 115 110 40 109 161 128 196 190 57 80 35 18 128 62 54 181 25 48 62 12 114 168 140 179
22 38 107 74 41 77 54 178 57 179 17 132 81 20 63 20 73 6 70 83 155 97 57 86 126
11 39 114 188 10 176 120 144 23 162 83 16 20 141 118 103 177 28 98 73 175 93 90 105 83
43 98 198 39 26 125 150 174 51 160 73 88 157 162 40 90 125 12 116 116 19 64 185 17 104
152 125 180 182 140 79 94 29 56 21 198 89 145 12 141 69 85 56 63 68 64 91 105 48 101
15 182 25 159 166 180 107 0 64 106 158 110 12 158 153 196 27 133 136 197 177 109 71 145 119
51 153 71 44 7 184 173 184 32 169 142 10 200 183 33 31 120 195 137 134 1 130 120 125 57
161 33 9 73 175 153 70 47 162 24 45 9 83 110 199 89 158 101 18 36 79 121 176 105 79
118 185 82 161 161 78 196 121 98 84 152 186 84 86 14 31 75 119 160 47 84 19 26 71 69
27 168 14 59 133 80 163 120 89 49 68 115 122 108 173 4 196 162 156 128 0 29 102 1 26
104 197 7 149 169 38 41 60 153 17 138 115 98 186 142 66 31 94 9 131 187 35 69 108 94
150 20 14 60 93 108 89 24 86 194 142 51 197 84 124 38 159 79 155 129 158 179 190 12 72
126 54 67 189 46 96 81 193 114 142 59 33 200 60 163 96 114 81 173 18 157 81 200 105 97
158 38 191 162 18 183 194 123 109 72 115 75 91 24 47 14 125 159 33 15 30 43 42 169 144
146 162 167 70 71 70 146 8 116 10 57 58 117 17 56 67 59 156 29 176 116 23 128 33 146
6 124 62 56 91 12 121 180 12 185 84 168 37 1 67 10 58 68 109 158 170 153 123 27 81
17 190 143 59 22 85 120 120 194 5 31 187 72 28 40 46 34 71 79 133 92 81 167 41 34
130 102 48 164 38 98 136 171 114 3 25 180 86 145 59 149 122 105 73 93 11 107 181 128 13
86 99 134 17 126 124 64 187 113 6 156 144 150 39 0 29 136 174 197 152 194 178 76 41 4
64 126 17 184 36 127 85 141 10 42 4 93 109 178 182 30 86 139 78 30 111 122 18 25 142
79 46 70 23 117 68 144 165 44 105 162 80 86 161 6 24 64 84 136 185 93 131 200 123 143
123 92 80 195 183 139 104 196 14 97 195 13 179 52 21 151 161 40 3 165 103 42 90 118 169
52 92 48 69 24 80 33 19 70 142 42 111 179 6 196 144 195 127 19 7 140 150 131 93 64
151 164 164 97 74 154 105 177 148 16 113 159 31 71 79 38 33 86 111 126 141 51 54 109 75
134 78 166 144 20 166 55 148 49 160 145 87 94 154 43 109 114 143 180 155 96 89 68 38 100
110 68 164 64 77 94 102 113 189 7 101 47 171 128 131 87 164 4 35 23 9 197 116 153 134
3 49 147 113 71 127 87 115 127 146 29 191 110 137 36 173 188 28 89 195 9 180 6 9 84
116 118 69 86 200 143 28 21 200 84 146 5 179 130 137 93 180 130 42 185 24 79 82 49 147
92 113 46 7 67 112 182 141 37 8 13 2 91 146 144 152 85 136 95 53 22 137 28 3 29
194 53 82 27 192 200 105 76 34 12 119 92 152 156 8 171 86 77 161 82 79 156 160 33 143
83 87 106 152 82 123 147 11 77 188 14 64 60 55 88 106 100 76 150 155 81 81 59 80 1
185 18 99 56 132 23 185 40 28 68 198 121 169 88 54 132 48 20 63 112 88 66 17 79 70
66 179 167 140 4 153 91 36 16 119 127 102 144 165 44 44 175 130 89 174 84 62 90 52 11
183 17 40 153 70 60 38 136 191 56 119 199 10 66 166 155 153 192 56 150 127 147 175 65 48
184 33 70 44 107 17 109 157 111 85 103 4 3 149 115 16 97 42 74 2 172 182 147 194 158
83 102 76 170 75 3 151 174 168 3 18 182 46 58 106 11 139 9 160 20 160 9 142 119 91
25 47 11 102 83 4 91 59 85 90 82 34 8 40 26 143 62 184 117 73 116 158 165 56 124
147 181 181 172 162 66 64 5 115 69 56 48 11 14 5 191 109 22 23 73 200 87 99 137 74
50 18 117 200 105 20 62 145 85 128 33 16 114 49 24 71 166 44 189 41 67 25 182 97 34
63 66 152 121 29 2 64 8 80 89 116 35 41 192 190 161 165 127 128 187 26 148 50 131 55
11 165 4 143 31 131 12 49 38 170 190 193 35 192 80 133 32 78 56 72 48 11 56 19 3
123 178 24 129 90 193 28 59 5 135 3 193 165 175 14 168 122 80 16 109 34 92 141 128 153
150 155 163 124 200 141 50 60 130 25 146 31 175 4 125 85 130 159 138 127 104 30 24 96 186
186 86 126 72 5 63 126 10 163 196 127 25 119 88 1 72 139 153 67 182 199 151 25 193 42
159 92 36 73 56 107 33 44 51 83 31 113 145 3 71 20 2 143 173 165 96 58 63 58 117
109 195 52 23 67 184 10 180 50 138 123 137 110 116 118 65 24 124 131 123 62 70 91 132 110
111 55 182 134 16 98 18 77 147 68 38 82 30 71 58 170 155 174 56 164 52 28 101 61 23
62 20 14 130 0 34 144 59 134 145 138 158 120 114 107 58 141 139 64 185 192 87 135 108 127
159 97 98 95 59 176 178 106 177 118 82 191 3 78 149 134 96 8 135 86 86 45 187 180 5
78 176 193 199 144 130 34 106 151 55 106 197 0 13 7 147 125 98 158 4 109 41 75 79 156
44 132 125 119 118 43 115 87 43 169 63 96 51 122 87 12 186 23 200 180 96 140 20 87 11
58 102 102 103 77 98 74 50 136 58 192 65 19 138 80 80 92 175 15 114 112 100 149 194 157
129 24 57 25 153 109 174 104 15 110 142 37 113 86 25 190 28 46 157 1 43 127 199 159 91
113 18 156 145 45 63 56 43 189 107 43 186 196 180 187 135 198 53 34 37 35 190 87 44 43
78 137 178 123 107 96 169 71 160 167 108 160 149 161 174 171 10 47 127 37 126 5 154 130 4
181 87 94 148 141 151 82 51 36 25 160 32 132 184 114 45 181 146 71 122 65 193 96 58 191
6 133 1 104 191 80 141 166 1 168 17 70 154 135 193 124 156 164 121 78 51 192 82 67 103
17 6 151 189 176 157 53 54 29 171 77 39 102 127 112 114 67 42 172 171 107 37 47 12 139
58 29 45 104 46 160 164 42 126 95 129 140 85 97 74 25 148 68 112 199 121 199 50 75 60
152 75 73 196 8 74 189 146 44 56 73 130 82 57 12 29 10 133 36 89 145 20 51 49 176
136 198 139 193 153 80 102 192 67 193 109 126 196 35 121 95 43 39 76 151 101 155 71 199 127
168 180 10 48 107 92 13 165 110 143 121 93 101 78 115 128 129 46 189 47 67 66 126 10 2
96 62 160 35 37 66 81 172 116 62 148 195 122 61 168 59 105 68 110 111 19 37 134 186 43
182 54 188 146 183 12 36 51 156 116 54 168 45 164 10 120 198 101 92 132 130 172 33 76 159
90 44 51 102 148 191 14 38 168 55 29 36 27 42 41 32 154 133 9 75 162 105 187 134 146
25 87 19 188 19 142 190 21 22 47 5 58 192 17 163 13 161 103 161 188 125 145 96 93 83
102 157 35 30 1 15 144 32 6 141 27 192 52 23 48 120 61 156 89 54 198 37 182 132 59
183 188 9 133 121 179 177 38 187 25 102 145 96 141 45 56 128 115 73 189 90 120 49 35 9
175 84 42 195 182 53 84 141 161 74 128 136 73 80 34 5 69 198 77 52 128 62 184 162 132
168 169 28 172 195 132 69 47 3 147 176 121 31 17 116 77 86 111 126 23 146 114 15 173 32
107 124 159 81 151 47 50 189 17 90 139 147 114 146 48 123 177 43 16 34 34 54 28 31 185
9 69 28 45 51 14 198 93 139 104 24 68 175 6 24 17 45 166 69 41 44 168 173 171 112
158 161 191 188 36 59 20 63 158 21 114 196 182 83 3 142 117 143 115 4 22 86 119 53 34
49 125 105 0 38 76 130 161 151 112 98 106 89 198 64 150 198 41 88 162 184 146 100 193 4
61 45 64 13 193 161 81 188 21 4 140 128 26 104 35 111 80 123 53 64 35 50 117 73 163
180 169 100 16 35 132 101 95 173 196 161 57 119 138 184 170 154 142 92 57 119 162 126 99 166
146 84 136 163 7 141 99 38 42 119 119 69 29 109 88 60 157 186 156 4 168 41 5 39 127
55 52 91 41 129 110 60 126 3 89 32 62 194 15 5 99 78 166 48 65 54 33 37 121 128
10 140 84 72 132 35 68 97 136 182 190 78 18 172 65 52 142 49 153 60 159 25 64 102 164
13 106 86 71 106 6 70 136 105 200 145 60 7 105 24 32 13 156 133 6 151 47 190 88 51
5 72 90 174 142 106 83 88 144 28 126 16 85 171 53 153 146 15 68 98 2 87 49 157 81
164 65 169 102 99 5 188 116 39 99 105 46 113 17 157 87 166 172 161 136 50 155 69 83 12
12 154 30 23 120 135 162 113 138 168 151 30 40 70 154 14 186 178 119 35 94 190 88 5 82
109 51 14 83 158 20 57 21 156 125 180 121 190 88 175 32 106 190 65 86 159 200 115 150 182
89 153 51 47 145 55 190 67 41 143 142 179 115 94 24 167 100 46 70 23 24 153 17 52 125
92 7 122 143 30 31 162 182 92 181 29 105 189 52 165 197 27 15 157 148 125 185 129 22 178
130 80 72 186 76 93 102 106 47 117 15 146 43 146 87 141 40 140 152 12 117 75 176 200 13
41 22 90 65 98 54 138 3 186 39 14 14 4 170 85 116 28 12 8 110 25 110 111 62 120
85 27 1 160 186 158 116 155 17 22 52 86 44 11 87 33 115 105 154 2 119 58 7 156 106
197 180 186 142 199 103 129 43 148 54 50 58 96 70 50 125 66 43 10 132 115 193 57 107 165
21 145 86 141 54 37 144 199 0 86 144 20 158 104 163 14 69 153 149 75 110 161 153 177 50
168 3 188 90 92 105 152 158 130 133 160 186 140 51 181 101 11 132 147 4 59 99 15 171 109
6 177 40 73 191 42 93 47 117 49 67 27 148 162 182 84 51 192 153 142 74 179 117 90 183
88 34 23 23 197 174 190 72 85 174 36 156 122 66 86 151 141 33 125 64 82 164 112 17 77
44 6 189 138 176 124 151 110 187 133 45 172 185 146 35 148 126 167 23 6 37 45 128 64 81
165 130 46 65 40 196 35 168 122 187 170 168 169 79 102 182 60 38 108 71 62 165 128 123 91
35 0 17 60 89 198 170 146 41 42 157 181 196 116 139 65 5 115 46 54 60 94 137 154 187
82 173 146 115 9 112 16 186 27 82 157 199 10 112 84 193 25 19 132 131 74 38 90 107 109
37 187 37 110 81 102 139 55 132 102 116 40 87 134 86 15 140 129 92 86 125 185 75 71 98
131 36 46 157 83 57 178 198 167 157 192 124 6 120 29 131 6 102 129 104 50 186 147 146 144
151 122 114 139 197 140 110 149 90 154 120 138 30 123 156 30 200 168 104 81 102 58 147 113 173
40 6 135 7 152 127 139 154 64 1 24 177 31 109 15 130 200 105 137 38 137 109 41 153 32
145 168 161 167 125 90 60 167 177 91 13 65 26 60 170 147 129 130 139 196 97 148 187 24 146
52 134 129 186 53 128 108 35 132 40 105 76 178 85 28 56 48 104 131 38 75 38 167 7 30
145 87 61 112 140 141 157 40 173 140 136 13 194 41 194 186 187 116 113 50 120 109 124 97 108
113 22 11 121 100 35 75 74 191 34 120 83 34 75 84 110 37 140 110 12 186 143 65 18 17
40 19 15 97 43 66 18 133 85 62 127 54 62 121 195 76 15 101 36 164 113 55 55 156 169
127 101 65 54 98 98 7 166 160 0 156 116 46 109 18 28 96 35 73 125 54 154 2 143 7
95 139 76 169 41 77 66 136 122 95 199 175 122 58 14 114 154 139 152 149 200 152 181 188 28
191 2 147 72 155 41 149 152 108 139 177 117 130 171 18 15 13 157 83 133 59 119 113 48 6
102 100 189 101 125 35 143 121 38 39 107 188 146 70 67 5 147 6 160 90 7 159 166 19 1
176 132 165 11 114 133 73 169 81 114 36 85 169 21 174 97 141 188 194 116 200 185 130 185 25
132 27 65 79 67 30 31 100 174 60 80 197 105 180 164 139 152 80 99 162 60 16 104 21 124
193 157 148 85 88 65 53 45 195 11 166 103 41 9 184 193 76 64 197 118 68 148 26 7 154
163 42 182 183 149 17 188 56 68 49 142 91 186 101 101 0 43 195 155 28 183 186 90 69 72
114 143 49 105 130 90 125 57 62 90 173 198 191 190 33 37 178 199 92 74 21 139 140 87 102
68 13 5 186 116 197 167 118 123 76 99 147 124 135 78 119 193 47 125 70 20 174 197 110 152
77 159 188 185 103 194 85 19 131 92 161 148 145 199 133 85 117 61 134 155 15 99 128 74 132
15 96 63 83 121 40 22 31 6 115 46 79 114 39 68 46 84 21 45 117 35 97 63 137 137
67 168 3 122 116 106 39 199 77 3 164 123 200 74 143 130 153 56 155 113 141 80 7 43 200
63 58 45 20 29 60 83 7 141 152 13 79 126 42 131 155 63 21 150 62 48 99 188 135 86
132 200 161 80 189 137 82 47 12 66 111 93 142 106 136 147 100 141 199 126 45 68 143 110 20
144 67 100 109 139 58 39 99 170 159 177 48 195 15 61 180 21 89 22 44 157 83 88 101 174
121 69 13 86 47 39 129 194 180 155 72 104 29 25 169 112 186 163 36 135 191 62 64 158 103
131 27 85 197 100 62 160 15 118 144 105 135 19 76 193 191 144 125 23 58 61 166 23 90 33
25 17 81 148 102 94 57 183 159 12 19 160 101 152 110 21 125 168 171 8 134 171 54 11 88
193 103 37 174 176 176 68 92 74 165 15 0 98 105 20 153 172 32 145 1 54 194 7 22 150
60 157 119 189 137 146 95 159 83 169 30 118 164 35 53 121 41 84 90 183 28 95 140 4 45
7 49 181 192 15 21 179 113 166 20 29 78 112 192 160 98 74 105 92 31 33 159 129 69 68
78 132 154 8 123 82 2 60 189 86 4 103 198 83 68 6 147 98 115 77 197 57 150 76 27
24 105 132 76 99 15 159 85 86 178 144 33 176 151 82 67 109 46 92 60 178 117 33 168 133
129 100 26 123 182 35 86 178 46 153 150 131 162 43 55 88 3 47 124 88 28 52 113 88 127
63 188 15 165 7 113 196 13 40 11 109 179 155 123 148 190 153 54 178 146 160 60 175 109 145
121 69 187 145 93 141 187 95 128 33 77 140 171 39 124 171 88 141 180 7 143 57 176 29 146
101 126 25 165 198 124 101 56 61 43 97 134 117 48 153 172 81 118 118 171 116 185 0 79 68
58 0 157 8 89 9 91 185 196 198 6 60 57 169 88 87 186 175 196 86 174 58 126 114 185
89 44 19 161 195 93 25 134 35 155 103 78 177 22 28 112 45 177 107 77 142 195 193 27 152
181 32 51 175 114 185 64 51 104 29 126 180 123 172 192 14 100 196 179 21 54 193 100 7 143
185 166 181 12 60 103 155 80 136 38 45 55 38 150 118 66 175 114 93 117 81 40 159 44 156
8 167 21 27 108 125 39 8 28 112 97 167 70 53 81 101 16 112 90 149 71 184 80 168 12
18 195 161 153 173 170 77 90 119 121 70 81 188 23 117 150 174 44 5 22 188 156 32 38 10
55 150 54 94 30 87 28 164 185 182 146 45 105 105 183 14 74 142 200 190 126 102 200 126 3
184 83 182 19 138 72 97 184 107 91 136 51 172 124 125 69 126 135 147 127 108 129 125 165 45
135 26 23 147 105 37 26 114 49 49 59 14 18 90 172 42 163 15 91 155 11 29 2 108 162
73 106 56 39 115 143 180 125 56 143 200 1 122 164 22 97 199 112 1 133 186 88 189 29 199
98 68 138 9 134 139 139 185 98 161 193 187 149 130 96 81 199 163 148 37 16 39 103 91 117
18 120 149 153 162 15 81 4 49 97 135 53 92 49 185 139 10 5 165 148 74 29 47 163 164
166 134 65 28 21 8 168 82 4 118 170 196 50 87 157 17 59 137 78 165 25 27 144 163 5
140 64 24 96 33 192 90 103 116 42 168 184 178 18 114 152 82 61 123 63 51 84 64 83 188
76 200 93 91 163 24 68 173 96 173 28 114 154 57 144 1 6 52 178 151 160 16 10 14 4
115 168 3 147 139 122 128 110 135 88 154 107 84 18 183 52 39 144 13 134 188 1 190 80 172
20 54 72 56 92 98 148 119 6 127 9 21 153 82 21 170 89 153 144 99 71 139 120 173 12
125 77 71 43 44 90 181 51 174 115 128 92 54 30 71 92 51 111 118 84 92 15 31 116 191
170 64 69 70 15 145 178 157 77 170 142 12 147 163 97 128 178 94 157 29 40 196 155 193 18
115 63 121 155 181 105 200 172 50 5 63 113 28 186 123 105 189 180 108 188 178 153 65 25 124
133 50 84 11 101 138 132 129 185 152 91 110 193 162 38 63 135 126 8 179 110 101 124 87 189
164 83 172 89 61 41 18 20 196 121 195 54 16 44 49 170 102 59 73 15 42 72 47 44 143
93 26 59 5 184 39 116 157 164 120 170 116 65 7 62 196 74 131 171 152 107 192 190 25 84
55 143 116 150 95 82 176 158 197 84 12 85 63 98 83 200 100 77 59 108 89 106 189 68 121
125 31 117 5 60 200 75 115 27 189 75 13 39 50 179 100 123 8 137 65 136 33 198 17 199
29 168 125 131 155 172 200 173 121 47 178 47 111 9 108 163 42 61 34 135 10 4 194 176 47
106 107 82 128 135 147 125 83 193 127 63 78 174 31 124 91 57 100 111 64 51 92 148 62 32
190 103 164 166 199 38 78 80 84 116 86 72 45 20 115 8 135 30 176 161 16 193 94 180 164
169 113 184 171 193 189 60 112 61 72 193 194 69 122 179 175 96 119 129 187 54 93 14 38 171
113 96 93 168 100 47 141 164 47 193 52 149 55 145 139 111 23 64 79 135 101 165 9 150 63
93 59 130 90 185 80 55 172 109 129 65 114 97 123 101 112 90 43 155 178 122 75 166 86 56
179 11 60 117 31 43 105 144 107 64 101 106 172 104 78 109 190 74 162 94 190 50 84 28 49
97 85 163 128 16 96 164 57 17 178 47 19 14 2 142 21 174 128 181 196 108 33 20 13 76
161 57 173 49 6 82 70 145 28 44 146 136 61 25 63 89 41 54 102 156 163 93 8 176 172
144 9 113 146 198 142 89 173 160 87 1 33 106 25 89 32 48 199 191 135 161 193 35 24 13
93 73 153 9 158 124 17 97 170 182 23 158 45 74 197 160 169 174 75 178 73 95 68 105 91
197 156 166 24 38 53 196 70 150 36 171 6 71 184 28 140 89 187 104 55 125 70 178 157 89
30 38 88 14 16 22 58 41 100 99 167 113 116 100 1 195 53 110 159 126 32 133 163 174 73
127 37 4 4 84 95 49 185 187 56 36 128 18 166 17 116 50 14 173 168 73 13 80 61 117
111 160 25 6 138 86 45 2 81 8 3 185 56 40 85 185 14 199 7 79 128 133 0 15 161
32 106 13 164 89 36 5 49 100 29 131 97 168 95 159 38 196 56 65 70 63 59 104 8 174
120 20 45 44 95 112 33 87 87 76 122 49 175 180 135 115 148 180 132 175 200 151 126 152 129
173 76 13 152 50 113 176 40 129 173 185 88 10 30 128 107 115 162 71 36 150 195 22 164 56
148 152 183 169 102 15 91 0 56 137 97 32 62 152 170 119 26 103 140 152 175 169 18 42 151
60 49 146 31 85 16 44 194 147 44 145 113 3 110 6 140 99 130 14 92 58 193 12 36 85
146 11 155 169 11 120 160 100 107 193 164 16 100 99 38 146 65 135 113 97 66 21 99 11 50
171 60 65 71 128 183 140 72 186 54 71 66 47 9 15 195 119 112 17 164 112 128 34 64 73
112 72 35 89 84 33 70 197 75 156 106 196 160 175 159 27 38 79 125 15 126 21 147 28 152
112 67 102 106 40 64 38 73 38 189 164 59 112 108 116 109 134 58 186 35 180 120 195 22 182
175 134 140 129 165 113 179 130 193 41 143 12 163 169 148 22 62 52 56 115 51 124 43 118 72
110 22 75 174 84 22 146 74 50 60 1 50 26 167 183 71 106 80 153 58 22 189 179 95 15
147 113 155 89 58 81 17 49 126 164 193 153 148 4 105 27 6 107 152 129 13 174 5 58 38
133 25 156 47 34 170 168 73 139 34 171 15 30 39 109 122 123 54 184 137 121 159 141 146 89
53 46 27 149 133 4 42 89 25 134 31 153 26 134 107 196 115 71 127 87 181 33 10 76 75
139 137 35 110 63 69 22 149 115 23 197 166 158 42 35 108 192 198 67 47 30 10 84 171 102
81 149 169 169 112 21 173 4 82 101 0 72 10 37 28 79 65 177 18 0 48 107 25 123 59
103 80 61 180 180 37 24 125 32 79 4 109 185 195 32 25 120 56 166 165 145 50 75 19 124
107 38 99 154 176 47 126 145 72 30 91 30 37 195 171 150 76 148 27 88 46 84 64 110 136
74 96 77 33 7 28 62 49 64 63 178 109 3 172 150 119 157 106 87 46 16 88 158 17 93
73 171 129 89 40 183 86 72 143 47 196 162 116 111 54 189 107 150 68 9 78 187 99 195 39
160 200 101 75 92 180 50 17 149 151 89 39 59 145 133 166 127 153 199 191 30 143 116 101 69
198 15 119 144 24 136 59 59 76 98 89 117 14 98 181 58 198 175 191 82 22 133 175 92 157
119 121 74 112 173 170 13 140 169 65 19 25 74 28 9 9 183 74 196 53 197 137 28 120 28
109 30 24 108 152 155 156 4 91 118 145 149 143 143 181 70 2 104 128 31 183 65 142 105 51
121 35 101 155 35 190 122 97 112 37 106 195 132 139 161 171 177 181 1 45 174 192 122 138 17
140 50 112 144 159 126 112 171 116 176 81 107 79 92 97 51 138 188 68 30 177 110 120 27 188
33 59 137 9 99 146 141 106 146 84 29 27 107 118 91 109 84 31 114 200 120 77 193 51 91
94 71 0 97 123 187 150 63 194 80 166 198 59 22 166 69 46 176 91 161 190 57 179 113 77
153 166 197 143 38 50 93 64 120 163 133 110 178 150 75 125 163 43 44 23 11 4 180 29 137
61 59 139 109 75 173 126 133 99 51 125 136 21 38 115 80 126 120 26 40 195 131 151 62 45
160 161 178 124 37 188 108 116 143 119 73 22 173 74 152 139 5 87 16 77 166 112 147 84 62
120 161 2 76 118 95 101 86 137 174 109 91 102 87 92 134 12 139 167 152 9 93 109 98 102
176 12 38 64 116 138 66 82 66 147 74 176 54 120 184 191 67 54 139 15 135 111 166 139 62
104 150 18 78 96 44 101 49 75 32 188 144 46 51 176 16 103 146 171 125 112 153 162 53 6
62 197 185 115 98 197 45 48 79 180 79 198 62 183 11 43 127 142 180 108 129 3 72 94 137
87 45 115 30 100 43 80 174 103 13 100 196 120 155 75 146 6 86 79 51 3 32 105 2 98
73 191 68 91 32 76 168 162 122 48 111 121 117 40 181 127 185 96 27 119 66 106 149 46 186
103 4 160 151 166 108 168 62 1 37 79 18 162 162 71 187 144 135 137 137 85 135 127 127 87
162 115 25 94 133 10 78 33 86 119 197 32 75 67 59 67 17 134 105 187 11 151 47 49 180
85 146 180 165 181 52 73 118 178 107 2 164 179 198 60 186 112 27 77 28 42 168 65 66 121
41 155 6 90 27 175 102 59 89 187 55 92 113 175 182 41 112 132 95 92 25 134 107 149 171
161 100 19 123 125 105 99 144 109 193 124 6 96 68 188 39 95 200 147 116 82 5 38 44 63
118 51 169 42 139 177 191 177 124 91 140 23 93 140 17 145 184 135 143 91 28 27 3 193 152
182 145 155 42 156 112 60 197 46 198 125 20 177 57 149 74 59 149 95 147 193 128 102 13 13
176 176 53 124 67 163 12 49 12 116 171 49 35 119 110 43 138 21 60 165 182 134 196 4 145
98 58 175 71 65 65 94 97 125 22 179 14 32 59 110 12 61 9 199 141 115 145 122 136 100
126 42 108 76 94 131 134 66 77 29 90 56 144 162 190 81 126 114 88 14 70 146 46 59 70
46 57 138 45 65 171 199 125 125 174 120 71 111 118 148 31 63 34 9 107 43 111 100 97 24
122 152 179 192 100 113 70 180 75 149 64 35 19 11 84 98 57 22 7 20 129 149 132 188 107
151 89 171 7 168 189 140 196 165 158 34 57 163 50 78 65 87 19 18 11 99 110 68 44 157
179 58 40 180 186 142 19 184 125 123 6 18 162 154 144 149 165 34 181 55 102 28 63 78 158
81 158 167 180 118 46 67 186 153 123 36 98 139 89 42 116 175 63 45 115 196 134 123 151 93
64 154 26 150 121 196 15 107 151 93 75 145 199 92 43 3 55 84 68 173 67 65 78 114 92
200 63 124 128 184 194 192 186 181 188 97 52 158 82 78 68 56 12 185 164 33 31 109 108 21
144 171 109 132 25 102 126 188 129 40 138 173 141 130 179 24 137 62 194 174 104 50 174 185 81
169 75 87 43 158 158 116 65 122 154 74 9 62 35 104 117 106 110 0 140 133 156 79 108 174
48 1 99 121 83 127 5 3 88 188 186 139 137 115 110 74 122 15 60 130 179 118 151 0 180
171 141 41 199 132 143 95 145 35 42 98 4 23 14 45 164 119 158 68 69 17 168 176 1 114
114 79 193 127 65 7 60 90 41 62 122 138 185 115 3 124 140 138 65 184 168 189 102 155 179
21 44 103 159 0 21 163 56 164 13 109 107 16 123 64 91 172 116 8 98 91 69 191 125 127
85 55 42 131 83 106 42 144 69 160 187 181 194 192 184 96 137 162 44 48 81 14 102 174 66
133 39 68 29 156 42 112 19 99 26 107 83 59 180 38 68 127 131 86 198 154 20 166 64 75
165 176 183 187 144 153 36 67 61 167 58 89 112 12 0 158 46 17 94 36 103 151 20 134 175
118 114 81 24 172 104 89 155 21 163 198 48 10 178 94 76 137 178 4 73 141 35 126 53 153
67 9 67 40 12 21 92 36 64 140 18 193 141 15 10 64 8 52 121 64 141 56 75 28 125
151 129 189 73 80 55 85 65 183 194 147 111 166 40 131 138 64 42 9 13 81 54 98 108 102
195 66 164 181 104 116 137 36 147 143 119 169 119 194 193 199 161 8 84 38 42 64 188 165 24
59 67 38 19 108 166 2 100 195 159 108 67 172 1 77 94 93 27 82 19 180 131 48 119 109
53 15 58 160 67 181 111 149 61 0 44 84 156 3 192 20 122 175 99 186 196 87 185 147 28
57 56 147 111 21 86 177 84 194 0 163 30 32 23 147 89 156 26 21 85 106 190 181 58 139
44 171 75 61 121 179 14 129 111 80 81 32 168 109 100 36 107 126 175 56 152 10 58 103 51
135 199 75 182 67 2 177 93 194 26 132 1 84 193 121 116 123 49 64 83 115 159 91 187 43
172 159 194 22 19 51 23 36 98 88 94 1 35 155 37 71 55 198 77 12 104 164 157 196 15
3 4 32 141 177 34 53 190 78 108 109 149 144 148 143 124 124 200 58 188 139 73 106 158 98
128 160 162 192 50 46 61 131 0 121 62 184 192 181 124 74 26 6 190 124 105 22 112 165 18
174 117 61 180 40 49 98 43 46 110 57 0 147 44 148 200 200 161 163 71 33 108 58 186 112
92 37 38 128 89 31 136 57 136 83 193 73 149 118 8 75 136 113 123 164 13 95 47 94 28
185 19 57 94 83 194 12 37 199 25 187 60 42 58 93 137 117 152 23 32 105 59 194 82 89
185 133 152 52 193 19 97 180 170 18 52 52 98 165 2 34 6 85 36 197 158 56 87 60 122
149 168 98 16 117 51 46 90 157 71 57 129 110 71 125 70 143 164 56 83 112 19 54 143 197
20 74 146 31 42 16 100 25 92 128 13 58 38 74 12 29 101 117 71 81 150 111 12 28 193
88 195 24 119 143 40 98 181 31 98 139 9 26 154 200 29 56 188 34 199 70 32 195 161 160
63 16 51 187 199 21 145 31 26 112 175 105 74 83 88 139 176 100 17 154 94 12 127 184 156
128 194 81 30 72 83 5 190 34 174 68 81 111 143 118 108 179 15 5 105 113 38 120 73 8
171 190 69 178 84 104 42 68 86 12 45 90 53 62 176 30 26 31 79 77 197 132 138 27 162
130 152 155 144 17 8 108 77 113 192 31 149 62 117 148 152 66 106 104 180 17 19 101 41 12
126 88 199 76 196 59 24 100 149 112 30 144 186 60 24 100 8 55 156 192 69 11 49 9 79
136 109 168 13 73 24 141 115 101 40 125 119 43 197 37 75 166 87 87 37 98 61 164 85 133
120 107 126 88 198 93 166 93 12 191 78 191 144 156 188 28 146 154 193 73 172 10 130 161 131
125 96 147 39 150 66 59 92 55 76 111 136 156 100 113 87 148 122 177 112 42 115 162 45 156
109 112 175 128 84 38 179 172 78 106 2 27 128 193 91 187 159 129 138 123 61 134 80 187 5
165 166 25 190 22 37 29 4 120 152 123 38 126 138 33 60 54 70 101 19 35 20 148 108 97
136 55 97 62 173 94 154 146 129 10 97 107 47 183 32 166 83 138 135 183 18 176 153 179 30
48 40 18 104 95 114 61 75 120 7 152 182 140 170 154 18 26 82 195 194 189 35 43 155 195
48 29 190 47 26 61 103 167 115 195 7 124 114 96 136 187 92 44 161 99 196 99 58 48 165
71 1 144 5 192 42 126 101 144 135 153 35 149 78 31 144 159 90 75 2 197 174 26 15 84
156 197 168 37 132 116 126 38 179 18 61 64 159 135 162 120 19 116 141 110 41 87 5 46 56
95 78 65 186 193 20 108 67 124 103 39 96 163 17 29 115 65 117 100 150 65 2 8 106 121
60 25 13 5 80 82 162 117 156 177 164 40 48 60 31 61 28 61 99 192 114 68 145 18 10
150 88 27 103 139 121 43 110 139 117 101 174 88 58 165 74 30 184 126 6 6 41 28 140 48
29 194 86 163 27 85 81 129 170 141 173 97 66 2 135 127 118 70 19 55 103 122 191 197 15
42 74 40 189 53 117 188 37 59 71 153 115 11 58 177 186 144 146 168 22 144 70 91 8 91
194 95 48 167 26 67 67 109 158 182 17 65 10 14 86 59 0 135 15 177 194 84 126 88 92
41 167 120 127 36 15 150 68 26 176 97 98 71 148 18 161 74 51 143 115 72 123 55 14 69
12 175 32 115 140 111 102 121 80 7 104 16 152 196 37 94 46 86 55 130 111 68 28 20 191
95 56 186 149 188 43 196 132 3 198 122 133 2 5 60 91 23 98 83 31 174 43 55 53 137
170 63 160 158 111 131 12 27 131 112 196 17 184 136 173 137 190 3 81 84 123 75 173 18 58
44 152 71 3 147 161 2 181 147 95 118 160 159 15 21 82 143 166 167 62 164 15 93 83 20
185 47 188 13 27 177 49 143 181 177 48 95 129 148 160 189 78 50 3 51 57 107 32 87 86
19 94 64 7 187 147 197 169 163 194 160 125 79 145 36 65 88 49 138 171 26 50 180 31 24
174 69 183 25 6 138 63 183 92 177 10 98 195 85 128 53 178 41 58 66 165 191 50 14 97
105 149 197 18 119 53 105 169 142 166 58 173 176 174 89 156 112 78 5 31 50 100 121 160 165
95 42 121 28 51 149 115 0 44 76 60 89 175 1 3 87 33 153 87 30 71 18 54 175 81
45 117 174 107 97 179 190 72 95 175 2 58 147 26 55 59 168 190 185 119 187 42 134 146 55
162 158 96 4 157 157 161 105 163 156 30 33 181 129 176 68 81 52 49 160 179 94 49 189 61
172 162 2 169 7 155 158 163 84 83 8 86 8 86 21 187 70 20 39 148 168 8 186 20 84
192 95 186 155 171 109 76 160 43 15 71 152 17 115 157 132 61 179 75 168 96 106 63 139 180
14 69 115 156 126 32 34 78 144 199 16 135 118 26 54 55 2 94 77 198 162 44 195 197 104
9 195 78 127 146 9 104 146 71 77 99 131 186 46 146 70 163 58 97 40 122 124 85 34 199
96 108 35 86 74 110 92 102 32 82 68 23 186 74 187 65 2 44 145 173 174 200 198 132 40
154 19 94 15 95 23 172 167 114 145 116 191 138 63 27 106 131 198 105 136 147 185 36 28 103
57 32 190 159 91 81 56 194 125 8 64 177 12 53 9 161 167 169 101 36 18 64 166 15 149
24 33 178 45 194 25 62 171 82 136 163 48 46 151 21 44 23 108 167 7 128 167 140 11 82
153 60 77 180 196 6 55 122 6 105 163 156 25 179 50 114 196 75 184 104 50 3 62 63 131
112 109 103 96 39 156 155 156 69 70 31 74 5 144 61 197 193 182 115 187 57 133 92 9 46
37 94 167 75 11 112 41 89 5 86 158 145 180 125 140 147 167 192 14 157 195 44 183 22 121
2 70 121 65 103 131 103 70 129 193 12 9 107 141 40 138 84 159 54 177 158 26 190 172 166
33 160 46 143 182 172 45 57 108 86 41 107 194 170 181 149 192 184 26 180 103 50 113 195 24
57 134 190 160 154 7 6 128 98 113 138 27 53 113 56 20 140 104 150 46 151 162 61 29 10
94 108 174 147 7 41 171 167 80 45 161 161 41 154 196 175 26 28 47 9 62 151 35 69 181
197 64 29 171 154 10 125 43 61 68 156 197 149 81 133 35 29 80 171 103 161 0 179 108 19
129 192 181 7 157 9 64 129 113 133 167 16 163 84 46 71 148 82 39 176 68 98 69 152 183
43 174 144 76 37 124 122 4 173 148 31 159 164 31 106 123 184 21 17 49 99 63 100 85 90
17 68 56 51 34 174 139 130 37 47 138 106 76 188 46 36 183 58 133 178 104 145 154 130 8
36 98 145 190 162 132 118 139 39 6 165 142 19 98 88 83 6 73 164 37 144 55 196 126 181
141 191 89 144 184 0 190 49 143 36 114 109 167 132 150 183 93 43 136 2 188 1 56 63 16
1 160 46 130 114 165 21 182 151 110 180 43 55 133 112 197 40 105 111 121 46 134 193 94 37
186 161 96 173 64 71 119 35 76 77 29 133 36 183 131 133 38 16 60 80 0 128 121 20 108
108 136 52 124 93 94 173 184 141 116 185 172 21 28 22 6 180 15 197 128 15 77 55 133 67
153 81 93 38 145 160 189 125 12 29 163 132 140 156 0 136 22 110 191 78 120 68 173 192 80
174 177 20 14 156 16 8 162 43 166 84 187 137 147 66 91 54 116 185 176 26 149 97 162 41
19 20 128 181 134 52 167 36 150 65 186 196 139 191 90 145 4 178 127 56 40 153 22 28 114
102 178 35 165 65 187 151 32 90 113 118 119 143 67 12 172 29 153 65 46 162 81 97 198 164
178 119 82 112 103 30 14 16 5 75 195 178 28 83 161 117 24 60 24 89 38 33 38 150 188
119 14 35 9 106 4 0 166 137 35 70 86 112 162 122 17 108 165 139 135 143 154 34 195 165
151 66 17 107 1 56 128 20 192 0 157 89 142 94 172 198 163 191 76 84 69 30 168 77 19
26 161 14 11 108 176 30 21 97 86 151 15 106 193 55 68 146 174 52 77 121 97 90 163 72
118 14 79 60 81 167 110 91 135 159 38 148 86 106 190 153 39 46 174 74 86 154 76 111 74
157 21 5 102 150 67 109 100 192 65 84 47 101 63 38 179 98 85 56 22 144 187 144 46 159
151 161 59 114 192 163 17 44 177 107 191 66 132 177 29 136 121 182 151 41 118 177 151 158 180
39 40 150 170 176 91 175 152 147 28 16 173 109 41 193 112 140 52 93 27 129 103 168 58 160
22 100 161 159 16 145 120 109 115 149 44 193 84 38 173 130 55 8 108 148 39 175 200 129 124
40 82 19 0 108 0 37 48 30 37 0 88 60 59 5 51 190 0 173 54 3 152 129 51 104
91 54 52 106 64 118 75 153 17 7 34 45 52 70 186 95 11 33 126 88 5 58 10 143 174
181 105 55 124 27 8 6 59 57 116 161 198 131 193 107 136 122 174 58 81 192 45 182 192 103
77 112 13 149 82 67 148 146 167 115 169 124 91 183 148 23 53 23 112 165 174 59 108 98 104
17 81 178 24 178 182 173 52 0 27 76 158 162 133 19 173 49 119 44 81 190 152 42 125 22
194 2 85 136 35 40 111 93 26 174 19 39 142 64 131 10 148 121 17 179 25 174 64 110 157
68 33 9 81 161 165 183 147 87 110 176 155 118 101 8 149 34 74 83 33 141 102 33 31 135
63 50 12 89 182 58 94 120 164 159 132 153 28 35 181 143 190 163 90 151 200 192 162 37 132
67 1 109 51 35 110 32 178 145 192 40 151 18 3 42 1 125 112 56 76 29 28 59 157 151
179 99 48 60 9 158 23 42 172 160 116 144 106 164 146 62 85 139 10 47 149 107 63 80 42
113 155 177 180 150 27 177 141 185 135 61 196 45 160 140 33 11 173 146 165 164 195 42 195 162
69 187 160 193 164 90 19 116 47 170 13 14 70 70 35 70 129 5 172 166 10 168 116 75 194
69 65 85 169 160 182 125 128 195 80 144 161 196 129 174 43 146 93 161 170 105 147 137 45 40
23 89 199 180 133 6 26 102 152 176 184 159 160 4 75 30 65 90 61 102 169 16 40 9 38
193 79 170 138 105 144 100 19 86 90 157 154 147 132 200 57 18 196 74 16 86 70 110 172 169
147 38 99 190 149 193 153 151 170 74 138 196 165 38 59 65 36 81 76 173 130 69 149 187 146
94 63 195 5 8 139 19 161 157 13 81 103 76 49 152 60 38 84 138 72 14 193 191 167 26
33 87 140 168 27 46 49 70 138 40 198 142 175 185 139 129 53 117 19 190 124 20 168 10 62
182 137 142 1 10 199 101 104 199 198 14 13 6 15 197 178 165 42 131 141 64 13 62 136 182
188 107 81 145 34 39 170 33 198 57 169 181 9 184 1 197 66 170 133 27 168 22 40 138 103
194 161 24 95 66 41 134 170 89 9 145 19 88 176 28 89 50 104 193 13 155 48 168 45 89
179 159 109 7 11 12 82 182 46 180 151 114 148 107 124 31 53 22 32 181 19 161 122 80 4
154 7 135 32 154 16 11 41 105 6 118 153 34 21 29 179 85 60 147 161 87 82 58 114 62
124 68 66 81 46 81 136 149 100 4 118 88 69 90 61 149 100 51 189 101 193 30 64 144 151
151 142 90 47 92 22 13 164 67 104 189 104 28 175 166 182 135 12 11 74 20 106 20 151 29
91 187 50 58 93 135 134 23 106 33 112 49 88 97 66 68 58 44 55 57 125 25 81 67 177
127 199 66 152 125 80 135 66 9 100 6 22 182 196 178 96 126 20 19 114 104 195 26 127 85
15 120 169 82 135 170 134 21 199 108 120 123 13 78 187 71 18 12 163 21 39 165 0 178 64
80 59 2 86 184 172 176 179 148 94 20 125 134 40 102 59 72 122 103 8 41 85 35 156 171
129 95 56 7 48 106 100 164 110 82 64 167 23 49 47 72 64 191 64 151 79 173 40 3 33
17 121 91 48 17 35 37 61 26 113 112 74 197 74 126 152 190 175 136 127 70 23 52 2 155
34 73 9 184 33 35 46 101 134 150 172 199 151 10 4 66 149 178 37 41 185 114 51 87 182
139 173 150 181 84 184 3 52 86 5 164 111 92 54 146 123 104 89 97 34 17 159 45 21 177
57 20 102 15 95 8 135 78 177 11 95 184 189 24 144 123 80 8 160 39 55 12 169 165 131
30 171 200 23 16 111 144 55 194 145 177 91 10 89 64 83 151 128 142 14 169 142 176 174 120
121 72 65 88 183 18 6 165 14 107 102 63 51 116 8 100 128 193 165 200 193 144 163 10 79
30 53 121 153 192 166 178 195 120 60 29 24 31 167 177 144 43 56 152 29 57 50 104 1 93
138 27 0 3 22 28 167 182 130 72 26 123 141 4 53 137 145 136 190 103 0 62 150 36 76
44 95 199 175 28 33 172 189 10 43 0 149 71 32 171 179 109 178 11 88 132 27 58 156 17
130 153 200 81 166 54 1 15 95 129 156 12 21 105 99 69 75 191 0 145 198 0 81 123 28
115 195 134 66 61 31 93 30 148 97 106 149 50 126 55 123 84 4 86 159 116 122 103 24 100
152 168 155 132 59 177 49 117 129 57 191 184 97 96 65 33 81 116 119 115 168 128 148 51 23
40 2 49 193 118 51 200 41 17 141 200 198 145 100 146 182 88 117 54 31 30 140 0 11 130
50 105 19 108 67 180 129 73 122 35 134 48 115 9 39 43 86 121 138 33 12 20 2 17 141
167 150 71 63 34 71 180 95 139 100 184 112 78 112 12 44 184 193 76 15 51 16 85 114 4
164 170 113 183 56 121 137 146 134 116 191 100 87 173 139 167 62 187 93 120 180 45 132 23 156
35 29 170 95 147 37 116 37 195 97 146 66 103 66 54 131 5 95 72 2 112 34 143 124 4
108 177 178 41 101 62 155 153 19 50 199 110 152 28 159 163 111 42 16 51 20 195 73 131 114
32 37 86 130 23 79 137 141 109 160 119 61 199 115 188 86 40 196 122 83 178 150 46 8 135
73 175 116 193 4 106 44 75 80 23 95 88 24 181 58 62 178 66 66 175 52 43 84 120 38
159 178 135 151 48 16 70 122 111 138 121 171 2 64 54 164 109 59 42 168 38 157 123 45 186
143 93 188 145 103 45 12 76 152 191 172 42 10 165 156 17 161 186 141 197 160 124 47 155 89
52 56 166 35 182 149 92 125 186 173 196 105 69 112 31 116 29 142 126 148 163 64 193 66 140
92 7 93 95 159 161 81 9 149 80 124 3 30 177 160 55 100 143 132 135 117 51 87 122 194
113 189 104 53 160 169 92 33 170 111 182 193 136 66 83 109 46 123 5 17 86 19 170 37 124
158 187 46 46 26 118 46 67 141 13 77 94 50 112 126 16 95 20 109 182 83 31 19 102 132
20 30 165 150 31 55 31 61 68 155 173 172 109 119 149 94 35 20 163 25 81 192 122 78 91
89 174 85 80 48 104 94 46 200 24 19 116 144 26 147 54 71 42 32 57 174 121 197 108 37
5 155 140 92 119 166 63 135 129 161 57 35 134 181 80 53 200 147 133 47 25 75 95 14 147
181 39 125 36 48 25 79 134 109 56 89 34 65 114 118 38 27 53 16 58 86 165 121 177 40
114 13 55 78 72 2 20 58 128 186 109 34 123 87 158 175 177 191 123 169 39 121 192 90 108
86 43 67 30 11 36 97 149 121 2 172 8 102 98 90 91 175 79 101 141 153 126 111 46 102
110 112 181 113 132 31 119 93 164 67 39 51 133 67 152 77 7 4 54 168 177 113 78 11 5
61 143 170 1 59 123 178 147 134 59 126 129 158 83 57 116 12 75 75 47 183 200 11 54 36
7 105 104 91 18 140 21 137 159 144 65 126 15 177 79 153 61 194 4 22 41 192 70 28 121
121 81 120 68 155 167 70 47 22 109 158 134 110 165 140 134 39 73 102 130 157 50 168 152 3
132 97 100 78 13 35 36 47 175 43 182 129 13 32 97 31 69 63 167 32 24 113 154 97 124
87 49 115 76 125 15 104 9 159 172 128 124 170 198 50 161 5 37 177 98 154 158 127 87 16
106 142 146 193 131 173 145 23 50 99 170 122 46 83 18 85 176 8 94 55 125 26 186 32 157
82 69 117 187 77 65 177 187 124 19 200 190 121 78 24 182 173 144 61 110 91 79 97 122 196
95 87 9 147 153 97 16 160 25 23 121 104 99 31 45 158 131 40 34 70 139 189 39 35 15
10 198 73 99 110 171 155 138 183 166 99 117 64 110 165 91 151 58 32 137 109 157 68 75 39
11 90 41 72 183 122 188 133 190 124 42 156 119 108 70 34 186 131 22 6 23 111 169 111 13
182 173 83 134 86 49 74 189 195 31 153 36 43 200 77 159 180 123 192 98 91 176 49 93 113
99 46 24 176 2 189 115 103 116 188 112 156 152 158 112 86 19 174 33 69 162 52 188 135 171
54 6 125 69 17 47 87 15 18 24 130 99 96 142 1 114 110 129 91 40 169 6 50 16 187
157 58 24 31 155 37 85 116 157 39 145 196 58 134 65 37 197 95 99 174 30 140 190 36 47
153 147 48 193 21 2 52 1 102 148 142 141 194 136 141 26 172 200 76 67 197 77 165 183 149
120 139 186 168 74 151 145 6 26 47 192 18 167 200 76 90 3 10 43 43 167 123 136 27 83
128 154 179 44 53 63 4 28 121 106 35 187 8 191 106 72 125 71 147 71 107 154 76 5 70
25 137 102 144 118 51 67 117 117 103 33 94 100 127 37 58 133 57 69 183 40 186 34 146 62
178 182 4 138 75 118 0 53 147 98 144 183 37 79 67 9 171 78 166 132 0 2 35 29 96
99 118 80 102 177 108 102 183 141 37 196 107 80 159 57 97 120 34 110 20 48 132 76 123 57
38 117 182 72 14 128 71 184 140 184 162 17 41 174 200 46 104 76 6 51 2 153 131 95 67
140 130 18 145 158 31 87 82 78 144 123 20 40 122 188 124 33 173 90 162 190 117 50 200 149
197 47 121 109 45 102 28 101 53 137 148 193 199 45 6 194 100 77 44 95 103 131 49 116 142
62 162 60 112 83 76 53 143 148 187 31 104 6 78 26 107 178 24 198 132 183 94 29 96 60
17 167 118 126 13 72 16 144 69 173 147 58 31 94 160 16 103 170 79 37 7 150 136 104 172
189 46 167 0 131 150 8 181 128 21 190 111 164 108 38 67 21 120 194 90 80 88 131 133 197
39 99 185 9 155 172 193 33 165 27 76 38 29 178 173 200 117 161 64 180 150 121 25 91 66
189 116 155 6 145 71 136 45 138 185 155 79 196 39 187 149 178 114 44 18 187 121 47 173 60
95 127 20 139 53 79 27 30 68 124 18 131 182 68 105 77 130 172 6 22 27 79 45 157 152
11 107 140 131 124 166 13 179 6 25 174 75 115 92 106 60 109 47 18 69 1 28 19 26 74
36 168 105 69 55 15 149 82 186 158 7 125 129 91 155 5 96 160 143 125 110 97 61 132 157
147 16 103 6 54 161 145 34 70 133 153 195 105 199 140 16 175 73 107 192 88 106 107 151 80
197 71 196 129 100 194 55 21 71 15 98 146 70 45 13 174 108 74 15 74 25 124 46 85 81
22 107 54 59 147 104 45 60 160 179 100 101 28 14 99 123 20 160 6 187 145 37 159 187 194
141 116 112 69 66 160 134 198 176 115 176 145 109 97 120 48 67 163 154 199 124 168 4 81 87
196 34 152 82 13 148 78 50 114 7 194 34 198 158 23 124 46 184 56 134 133 20 161 172 91
169 1 185 142 143 80 93 16 11 12 184 153 184 93 177 15 146 52 38 57 61 39 161 10 119
48 160 12 124 190 145 74 114 87 176 55 122 64 187 175 46 82 35 118 197 65 164 22 39 196
171 3 49 45 87 95 149 69 105 157 4 97 172 11 0 68 123 66 86 136 89 94 166 31 51
61 59 86 51 177 51 6 150 77 26 187 12 44 171 68 76 40 132 24 160 91 191 155 155 7
34 199 32 122 44 140 188 148 191 14 168 32 26 112 91 108 62 17 170 5 100 27 93 102 71
53 46 5 168 190 180 104 63 197 191 16 37 194 11 88 146 63 162 159 16 65 181 106 125 148
39 117 98 73 83 67 24 79 146 135 2 29 175 103 130 162 26 77 106 137 95 37 32 170 149
108 187 25 195 137 25 116 143 40 41 163 79 4 147 134 57 137 139 189 163 42 147 90 41 162
69 170 167 144 48 200 54 38 35 23 174 121 79 90 185 83 167 198 52 86 186 163 56 178 176
178 66 56 163 51 189 7 168 45 168 193 200 11 83 194 107 25 123 6 100 65 114 25 51 90
31 117 135 111 70 166 82 137 95 126 175 90 101 136 155 109 191 180 5 105 68 105 153 128 79
58 146 16 139 4 109 19 159 182 43 165 12 10 138 115 111 32 22 31 176 74 26 97 44 44
128 163 168 134 43 26 48 152 72 23 167 33 11 170 83 200 76 190 73 27 74 154 11 21 108
88 157 141 86 8 154 179 7 162 24 11 100 130 0 92 137 16 182 95 55 29 54 65 10 71
155 56 29 1 25 42 73 188 170 11 1 121 54 92 65 94 149 20 31 138 47 72 14 87 130
165 155 150 2 156 7 91 172 143 11 59 140 56 105 199 197 170 55 19 92 63 24 94 19 136
191 154 36 38 101 56 134 2 132 50 57 196 27 88 82 1 120 12 72 52 169 44 181 181 188
105 39 21 26 141 111 166 191 6 1 29 145 191 164 35 11 92 96 174 176 8 44 162 34 59
127 77 137 63 188 80 93 50 133 6 136 131 9 132 60 24 174 145 22 12 136 174 25 199 43
79 171 121 130 87 54 33 81 143 162 196 173 20 174 167 186 29 39 21 90 40 169 29 179 57
177 175 118 195 161 161 115 178 110 187 94 178 26 105 82 120 40 91 30 174 160 179 139 15 20
32 60 183 136 50 41 22 141 150 105 84 20 159 59 115 169 96 45 180 111 86 14 179 82 82
179 33 66 51 2 113 96 60 40 10 163 158 78 81 63 159 194 82 200 43 111 135 197 53 89
124 29 36 43 197 97 154 97 190 42 10 73 168 63 105 160 87 39 134 10 130 77 173 156 176
102 6 200 107 182 20 166 169 142 142 25 79 175 144 115 64 197 177 94 135 167 46 159 89 185
104 17 199 40 5 41 140 89 4 122 5 14 158 126 77 176 9 179 60 57 15 120 32 18 12
132 68 135 55 78 183 123 194 187 192 198 120 170 151 53 54 21 177 144 9 37 97 183 20 74
142 1 172 134 182 192 39 96 39 35 108 72 128 188 3 82 120 99 157 144 51 98 62 89 95
74 63 72 85 17 188 118 25 166 123 114 101 67 28 5 80 188 133 34 101 12 5 159 130 12
134 72 132 177 6 163 9 188 14 169 72 177 18 43 58 18 198 152 79 121 20 165 121 30 54
91 110 157 43 44 60 142 173 181 145 184 13 102 13 168 115 172 90 149 142 53 194 136 78 70
23 169 171 200 68 155 125 109 20 150 92 59 41 138 95 87 142 16 140 197 64 98 194 106 69
76 200 80 83 189 173 188 97 172 28 170 196 158 71 90 160 133 89 120 191 67 58 24 152 147
150 157 69 200 91 154 193 54 174 89 27 64 142 170 161 134 189 2 81 116 67 0 142 154 56
1 137 12 174 169 38 13 178 145 26 77 79 110 53 59 101 172 6 54 39 39 34 22 37 107
185 21 55 96 8 89 160 112 177 165 79 83 136 140 189 96 141 15 39 95 72 86 79 30 15
157 30 192 186 145 182 53 153 7 17 164 127 136 21 168 34 125 197 36 50 87 32 141 82 177
114 113 58 123 181 162 148 159 14 146 123 125 91 139 167 153 99 36 73 145 117 137 56 113 53
14 101 28 124 39 82 52 98 131 197 3 104 166 49 11 37 55 121 50 169 131 37 1 179 97
35 9 77 63 40 167 155 85 21 139 105 102 98 99 198 140 94 154 199 141 97 129 27 39 138
152 91 55 99 184 152 148 193 17 168 189 68 56 174 156 69 138 65 72 79 196 161 192 186 32
122 58 175 161 128 95 185 176 171 175 42 78 179 30 118 172 167 13 172 36 180 178 169 198 157
140 111 91 157 148 77 177 193 89 154 130 109 190 189 193 143 26 190 63 164 158 78 1 66 164
135 199 52 197 96 113 170 69 9 159 179 135 122 167 188 106 129 139 0 57 172 102 109 36 136
193 138 109 187 38 112 7 58 159 193 60 9 1 131 54 145 167 188 198 170 60 38 194 69 181
159 140 9 44 155 15 46 137 158 122 46 200 65 45 105 98 160 81 17 81 29 27 146 129 91
47 136 59 128 69 85 197 129 89 44 48 131 141 50 8 89 98 159 192 91 111 119 180 157 153
81 183 125 139 135 183 77 26 115 84 100 191 27 144 19 57 111 182 37 183 171 40 84 13 34
127 73 50 152 79 126 143 94 118 21 126 168 82 103 83 22 33 156 157 108 147 194 198 111 45
187 195 179 72 25 111 198 74 49 173 76 141 70 93 116 65 104 40 111 171 31 58 31 110 23
175 31 199 126 195 166 56 109 45 110 75 165 181 5 146 180 19 140 147 25 44 64 149 147 113
75 169 150 82 138 16 175 146 159 179 70 47 156 154 130 6 151 104 101 18 79 27 93 39 75
147 30 79 153 7 118 40 76 46 172 176 25 190 12 154 164 95 123 93 145 114 137 68 123 58
145 121 192 71 81 153 104 112 163 48 21 66 177 53 178 195 98 172 137 88 122 183 157 18 125
165 34 169 195 163 37 12 190 1 112 162 110 199 95 73 22 37 155 52 137 135 135 190 160 27
166 79 116 17 107 165 152 80 184 153 8 190 70 109 177 63 83 132 173 162 72 167 82 132 61
46 64 8 127 126 124 35 75 76 66 174 126 190 76 121 164 17 62 85 118 2 113 189 68 82
0 145 114 19 84 153 154 147 49 115 54 197 20 130 18 81 161 50 77 61 19 66 153 186 148
168 61 88 18 80 176 159 107 165 100 177 5 147 139 190 200 53 7 73 114 126 171 77 19 137
139 74 193 184 72 36 21 131 131 181 16 99 26 142 49 152 179 184 94 181 24 134 154 48 117
148 157 122 6 136 116 35 130 194 175 82 177 193 176 195 142 114 15 16 73 13 173 134 54 161
179 66 20 120 23 43 82 96 177 27 17 21 33 9 176 93 176 180 34 97 67 54 55 115 14
14 93 70 14 107 107 170 46 56 170 121 38 199 119 94 130 43 75 166 69 97 140 75 169 36
121 191 21 36 25 15 181 51 6 117 35 128 133 34 37 90 64 161 152 69 78 117 83 194 1
68 112 24 4 155 15 69 7 182 28 69 145 33 198 35 7 176 48 42 45 67 116 68 175 18
99 0 37 134 87 153 195 124 180 158 55 3 117 94 52 183 160 60 140 10 166 131 165 73 192
186 36 81 30 4 26 9 77 169 171 145 27 76 114 188 39 189 12 111 130 108 43 1 139 58
31 166 17 89 40 156 102 189 182 122 166 193 65 198 84 111 43 45 75 199 64 127 3 98 71
101 92 191 1 110 8 35 39 191 38 73 163 37 35 155 198 156 25 123 139 64 76 6 93 12
193 1 198 190 34 5 176 4 34 26 111 185 109 147 37 166 190 193 24 72 131 125 109 185 127
88 116 125 152 82 46 200 76 134 16 172 1 133 13 197 35 103 62 126 189 163 181 189 109 30
36 165 37 52 97 144 166 65 35 112 101 148 125 190 92 153 189 168 105 43 46 105 152 137 9
0 68 117 167 99 181 43 142 43 133 7 74 196 144 151 8 38 102 186 33 74 95 51 105 63
176 44 9 136 171 169 79 43 191 132 162 50 111 104 5 28 171 15 161 143 192 160 66 191 20
181 41 164 0 32 139 18 191 61 199 180 187 184 196 50 75 159 101 160 37 192 91 160 110 103
27 178 16 62 30 94 102 136 96 12 81 194 16 170 7 113 33 194 81 55 23 144 63 36 180
185 17 34 192 121 153 71 43 192 61 10 171 179 26 116 28 183 189 27 37 56 50 15 61 157
138 132 47 83 153 148 108 123 32 108 180 128 150 172 73 164 67 106 128 38 58 144 157 193 107
8 36 48 56 192 21 11 195 183 91 192 63 110 153 12 188 101 148 116 195 83 44 191 100 83
191 132 67 114 6 116 118 144 163 143 113 1 73 48 187 194 164 82 163 66 175 78 81 63 95
91 175 3 53 164 197 178 93 116 138 100 70 166 78 58 3 128 157 48 166 139 148 157 176 108
45 95 137 117 32 25 4 120 142 154 154 2 173 161 143 166 168 7 17 15 47 136 113 18 129
39 144 62 192 200 34 10 6 77 126 39 48 191 4 15 3 110 177 175 79 121 19 41 5 127
116 199 147 176 68 73 8 75 123 57 197 153 76 137 81 21 34 71 75 118 134 94 37 158 83
74 123 92 53 69 133 26 182 184 139 3 151 140 195 37 123 73 140 123 132 22 20 160 32 130
149 122 130 177 45 111 63 102 157 2 147 74 179 89 10 4 194 175 39 28 161 125 100 5 12
67 70 66 19 127 15 110 60 101 49 129 29 67 163 146 52 91 108 86 183 105 153 163 84 31
135 99 64 53 59 135 197 17 100 191 77 189 111 170 75 187 48 188 5 84 36 105 116 105 125
5 10 155 99 0 32 22 128 183 134 165 154 123 117 174 57 102 7 180 191 166 141 198 67 173
100 89 138 117 156 31 163 89 55 108 63 189 77 186 158 58 23 156 84 34 145 113 33 6 87
137 85 14 17 8 113 12 120 197 173 67 148 57 164 60 128 192 20 24 87 74 93 50 142 189
67 66 77 130 156 158 98 144 68 161 154 82 10 132 141 94 125 153 14 38 60 54 5 119 160
191 185 73 175 15 84 10 181 138 12 105 62 41 149 102 181 87 119 157 108 85 9 158 161 166
135 40 139 118 34 63 75 156 176 154 34 43 12 66 23 42 103 85 49 30 76 4 7 26 24
96 144 95 52 78 138 54 173 161 49 13 0 26 30 99 149 102 85 129 59 147 93 85 3 65
111 76 194 46 60 4 200 58 177 114 24 127 31 131 112 96 72 128 139 115 7 187 148 192 146
2 171 197 135 179 179 7 61 31 81 39 4 99 134 192 33 12 31 37 157 115 113 58 159 76
16 39 73 14 137 53 193 93 125 61 10 96 76 8 41 114 15 96 165 21 17 29 113 15 47
164 59 144 100 17 149 198 33 184 60 27 158 31 94 2 169 198 147 77 57 155 150 2 105 9
160 157 157 182 37 52 34 179 48 198 155 19 189 11 143 147 47 10 176 161 31 196 67 109 49
135 183 101 142 156 158 143 33 56 137 24 103 156 101 178 93 164 193 105 166 69 59 38 193 36
18 155 90 119 131 98 108 59 56 21 163 129 74 59 91 196 107 110 70 90 108 167 41 149 76
113 7 41 24 16 153 127 99 64 150 10 111 64 102 14 181 111 27 35 29 57 159 154 117 15
62 180 87 173 120 85 27 172 73 14 14 2 117 143 171 41 84 127 67 134 193 187 116 69 3
109 95 162 181 181 7 108 124 65 69 41 52 83 148 155 82 194 119 170 162 47 75 106 110 45
169 142 56 84 24 96 132 36 112 170 40 88 16 79 162 130 105 31 78 27 158 160 39 175 27
105 99 113 92 193 131 4 105 198 122 9 105 30 187 143 58 89 19 191 24 17 98 108 139 159
29 39 52 127 154 7 105 109 21 190 68 167 86 142 45 54 126 192 98 135 73 106 17 52 67
159 102 37 79 192 124 122 70 142 165 165 148 106 34 78 77 1 41 175 179 130 51 92 139 133
148 109 26 65 165 60 1 79 30 186 9 13 50 123 189 106 119 99 185 198 102 190 64 23 131
18 66 31 151 8 167 16 77 73 10 194 69 183 149 56 182 72 131 45 127 128 3 153 142 70
164 159 34 32 35 184 30 38 164 28 29 87 96 158 67 147 10 160 108 197 130 119 111 198 88
8 193 191 7 73 37 41 86 152 180 24 196 59 149 6 103 46 127 39 177 149 106 177 193 150
71 197 124 194 117 22 113 141 47 167 137 9 158 36 184 21 98 27 114 129 4 76 90 42 34
17 3 5 85 24 112 144 199 151 150 119 86 103 3 84 138 106 188 67 62 106 110 77 92 109
19 113 192 50 188 28 66 158 29 141 23 146 102 164 132 66 26 139 61 13 194 37 86 167 197
16 70 117 126 41 191 200 44 108 151 24 35 155 169 105 78 96 187 53 97 176 87 156 171 75
27 80 125 53 28 49 28 110 57 200 39 134 163 36 75 171 30 23 76 136 82 27 88 133 90
26 5 11 74 127 45 111 72 11 162 77 81 137 147 52 153 200 79 173 30 127 35 90 66 194
47 16 20 84 153 93 125 145 50 70 170 37 55 136 48 155 19 172 32 94 131 160 166 159 169
78 182 11 96 142 82 73 22 98 112 48 124 195 3 147 146 4 127 49 195 163 93 123 11 173
149 90 106 199 188 81 188 197 98 123 58 45 1 189 33 61 4 175 121 122 188 10 93 22 126
9 132 60 88 157 99 107 59 5 53 25 30 48 167 174 136 166 59 52 143 167 188 69 178 123
42 158 197 143 3 93 175 161 62 8 175 165 200 137 146 14 61 27 36 12 122 198 75 50 109
192 170 48 51 33 152 16 185 66 5 66 148 154 189 129 13 120 181 105 184 168 56 88 49 95
149 117 111 168 141 143 74 27 191 115 57 102 53 171 112 25 114 64 187 60 107 44 32 168 142
136 43 17 154 194 16 146 154 65 65 165 13 106 108 53 186 159 45 65 79 112 69 180 27 98
144 92 1 147 54 196 123 103 174 149 192 198 24 149 174 193 82 47 70 162 125 176 48 104 130
16 120 165 198 8 169 175 58 181 74 40 185 164 6 26 195 4 184 130 93 33 191 178 146 88
25 64 61 2 106 124 29 39 123 16 69 59 179 113 66 96 129 51 176 8 152 104 32 51 33
199 31 183 195 137 10 120 35 0 174 10 84 66 24 153 195 168 114 8 181 122 63 42 82 73
162 77 77 57 101 119 136 7 149 151 9 1 178 198 130 131 64 194 174 130 167 185 140 28 17
190 160 107 7 2 132 1 99 163 114 94 153 63 32 95 68 91 88 135 59 41 32 28 171 130
94 186 73 91 156 187 44 14 178 12 192 65 63 163 194 181 79 75 184 40 6 43 74 52 14
124 195 51 71 53 62 7 119 132 127 163 157 188 33 174 102 54 162 54 18 99 9 169 99 175
24 131 157 179 90 105 59 123 82 176 76 87 144 71 64 19 143 45 156 5 33 20 77 61 188
144 146 110 186 147 17 74 131 141 32 9 117 67 44 194 0 137 7 168 67 13 5 152 38 96
61 199 19 161 173 166 122 100 189 32 94 2 164 70 35 22 180 35 51 15 15 181 174 122 146
14 123 2 28 14 28 9 19 26 171 164 120 53 89 125 20 125 168 5 186 143 39 104 170 121
23 110 61 101 16 62 77 10 4 3 48 176 200 80 8 147 135 185 25 98 76 93 93 199 193
121 59 139 63 152 129 53 148 80 198 43 106 16 134 19 111 82 125 94 69 136 172 43 9 28
115 191 26 103 71 26 0 155 139 92 192 101 190 1 198 189 86 35 177 168 88 16 46 103 188
137 43 109 82 198 110 149 21 41 199 6 88 194 104 2 24 110 172 200 86 91 145 134 178 164
146 5 72 151 159 75 152 81 158 120 158 53 189 141 93 149 166 40 154 106 180 64 89 186 98
50 159 88 124 80 84 76 32 84 31 72 197 185 174 92 68 151 151 20 152 179 137 131 118 162
132 76 184 70 45 80 183 83 101 109 94 184 100 115 10 29 3 13 178 44 51 178 136 87 71
96 33 33 85 115 147 175 123 29 177 121 45 70 47 196 114 69 165 172 135 70 132 99 70 3
115 60 166 26 123 113 55 93 55 174 134 178 197 110 1 53 153 64 177 118 48 65 107 192 79
4 154 90 106 137 90 57 56 117 157 115 85 11 48 198 172 41 80 45 59 88 78 45 36 116
32 191 87 173 97 185 130 123 43 192 125 195 174 47 190 158 147 72 103 36 117 110 70 25 129
78 180 107 4 39 103 11 193 113 102 185 151 140 79 75 141 92 77 24 141 35 134 138 8 166
30 55 109 145 169 71 153 37 125 83 102 77 43 19 48 41 109 123 19 35 94 177 57 4 163
5 40 153 108 139 152 159 9 141 161 122 52 125 65 146 68 171 29 190 2 49 180 163 176 166
175 15 114 11 169 139 89 169 93 72 19 149 36 55 91 52 126 67 163 149 107 60 2 165 129
49 93 145 137 145 34 157 53 155 171 112 176 192 195 44 99 140 47 93 27 36 89 136 162 168
13 41 133 181 110 173 126 181 125 189 156 115 157 151 169 184 162 160 118 189 88 7 142 186 55
85 177 145 166 129 129 63 158 108 158 132 150 68 137 180 88 39 55 27 153 110 45 2 101 133
172 115 150 44 96 135 78 195 196 123 171 101 63 181 69 9 135 2 145 124 131 164 28 145 112
144 1 101 32 19 63 77 153 121 141 61 19 135 52 33 117 200 21 12 176 140 188 178 121 47
7 68 61 175 150 147 40 28 152 5 41 3 76 67 182 58 119 111 68 8 105 28 68 147 112
200 195 135 139 2 110 41 17 67 141 184 93 92 76 141 48 169 20 172 142 158 30 26 188 138
72 85 56 125 135 85 67 199 132 62 4 157 74 23 128 101 192 117 128 26 79 145 32 137 60
86 86 117 119 43 118 185 171 177 55 69 88 142 24 133 193 33 179 55 26 109 163 79 69 178
136 64 43 108 12 64 46 114 109 1 77 101 112 164 87 95 117 134 173 84 180 159 37 113 120
117 170 175 173 54 135 142 28 129 186 163 47 93 35 129 38 4 10 86 200 113 147 67 80 196
75 105 50 106 4 34 59 51 99 87 176 24 144 179 21 43 43 186 78 181 129 55 7 175 124
135 42 194 128 154 102 186 191 162 152 56 29 199 68 65 199 151 107 123 169 195 2 36 73 0
112 194 65 102 35 11 37 170 25 102 68 75 99 121 183 75 23 168 83 69 143 169 133 48 117
4 118 86 74 118 181 145 156 112 178 191 162 49 38 14 107 87 63 55 158 3 131 167 22 111
174 32 147 179 174 153 39 102 9 199 84 0 104 183 112 7 186 156 64 38 41 63 105 59 35
161 94 129 32 66 174 90 132 2 94 151 195 179 88 117 109 183 164 38 75 33 96 91 116 70
127 12 77 124 180 178 95 114 73 129 174 130 85 50 142 44 160 113 136 152 161 185 166 112 178
129 144 5 55 6 43 15 99 16 0 105 125 66 153 9 56 83 96 53 179 177 110 177 176 2
108 69 184 148 132 188 188 82 184 39 44 29 129 36 192 33 148 119 129 0 71 16 156 139 180
160 189 16 36 147 79 3 13 0 55 28 48 14 176 136 100 27 136 4 4 160 34 13 11 84
155 49 27 95 66 192 166 141 3 92 30 198 122 67 85 128 73 62 98 18 100 150 118 168 144
97 83 138 162 144 92 45 9 160 196 21 42 126 62 17 74 192 137 94 193 32 111 5 53 37
141 122 116 118 120 61 47 112 41 46 79 31 158 68 56 121 138 172 19 58 164 67 192 137 185
194 91 139 90 119 37 35 36 148 52 189 9 64 9 183 185 95 84 32 131 96 110 99 104 143
36 52 191 92 68 33 115 49 199 62 66 31 14 120 21 120 190 170 111 123 85 32 41 177 11
46 74 27 169 50 195 34 76 56 62 91 117 172 115 58 110 42 106 17 174 39 187 32 166 183
71 200 41 100 93 150 85 158 5 86 44 192 92 3 149 189 33 180 119 58 158 122 157 24 98
119 74 150 82 39 57 168 86 133 95 86 184 93 190 88 3 49 113 149 154 117 178 30 80 120
108 152 126 198 194 187 66 7 145 30 110 42 136 189 54 173 112 147 33 119 200 34 31 125 163
2 71 40 65 153 64 78 114 47 175 167 186 14 30 102 136 199 123 27 42 199 92 35 128 139
8 94 15 181 108 25 178 10 178 83 130 152 67 107 133 127 12 15 31 68 87 27 52 20 127
143 175 24 97 79 135 133 101 157 162 111 41 119 92 184 62 161 11 163 119 9 163 200 41 163
200 177 101 167 107 102 14 45 152 155 2 23 127 133 136 155 132 91 130 80 142 166 118 165 187
100 99 147 158 22 169 82 5 111 94 20 24 177 78 129 162 156 16 90 8 114 132 61 19 184
189 29 190 19 155 140 6 48 137 168 170 37 146 108 124 13 89 172 67 106 74 50 140 95 71
98 77 165 52 17 50 82 196 177 94 155 41 183 110 150 26 197 135 199 65 92 6 148 48 177
40 3 91 50 168 156 16 63 0 196 61 174 101 110 72 47 127 97 126 55 49 56 141 89 190
34 136 86 13 161 162 77 185 48 67 16 123 198 85 168 165 128 30 115 167 46 157 109 53 75
38 97 192 56 93 169 7 65 16 86 119 18 22 46 114 133 4 127 148 153 99 5 13 94 165
171 65 162 151 126 51 26 133 196 85 181 187 190 139 131 76 109 118 53 32 195 118 8 115 193
50 78 181 153 46 135 155 25 121 101 186 151 32 16 126 75 187 169 65 175 39 162 33 4 42
126 180 150 32 78 64 53 133 66 98 189 181 50 110 167 173 157 140 73 134 21 155 148 60 176
80 76 100 57 35 137 11 85 59 161 70 69 169 90 153 4 75 128 151 200 72 77 52 92 31
37 199 8 181 9 12 138 53 4 87 105 95 47 1 1 163 67 144 18 60 168 181 87 53 79
143 101 35 94 199 12 33 60 96 133 98 193 52 33 89 91 5 37 68 43 51 31 176 17 75
88 193 86 57 60 24 74 169 155 177 24 72 186 192 173 99 107 55 180 75 122 191 190 98 28
154 42 134 40 3 0 104 116 136 99 165 55 48 189 15 165 65 137 81 99 175 156 179 55 138
10 175 23 132 120 30 26 190 141 64 6 122 69 49 152 57 66 94 148 199 184 119 137 39 166
180 98 181 17 85 28 169 123 70 85 68 0 137 65 107 10 179 52 55 39 110 1 175 193 56
141 109 120 144 96 45 132 76 199 153 58 20 168 46 192 7 65 136 70 152 153 55 95 97 22
185 119 27 113 121 161 147 152 162 39 107 108 144 170 40 36 84 167 120 26 103 121 30 87 54
37 36 180 178 160 146 49 21 152 18 148 8 175 196 102 36 11 160 17 135 19 175 43 7 118
20 81 18 0 136 9 149 186 113 190 74 200 146 118 179 108 191 128 8 167 82 64 196 101 103
184 22 90 143 17 93 83 89 136 24 9 169 56 190 145 14 107 172 107 86 112 17 159 71 3
17 28 166 185 57 193 182 160 179 89 76 47 75 160 188 138 26 58 50 161 26 122 175 72 100
185 158 63 175 129 62 142 191 102 115 196 39 147 61 34 86 48 14 13 1 190 47 192 103 104
144 108 10 182 76 180 169 18 121 11 133 24 168 49 141 148 96 131 134 111 145 197 88 138 79
31 170 77 73 43 1 171 25 94 160 169 86 6 116 24 30 187 154 2 81 20 56 56 28 165
147 63 63 125 182 153 83 23 167 27 10 28 53 118 167 116 24 170 9 32 95 83 165 154 47
174 58 4 89 180 166 151 179 172 71 124 24 179 80 11 105 71 87 37 31 176 99 4 100 129
59 136 20 131 81 155 46 43 11 193 114 42 112 105 150 10 147 183 164 77 155 124 143 189 172
90 119 11 131 48 147 155 139 87 49 19 16 186 151 47 6 85 56 106 46 194 99 62 186 57
124 28 134 30 110 41 181 154 92 197 110 89 130 128 59 90 182 175 87 15 112 147 155 138 32
144 98 24 166 150 71 183 195 26 99 76 145 104 167 8 189 36 67 111 155 12 88 82 84 113
186 67 164 4 166 180 135 170 39 9 104 106 30 141 110 122 107 8 0 67 90 124 65 91 92
136 185 99 94 134 127 73 2 111 60 186 71 53 47 157 146 79 97 35 43 159 22 8 168 80
160 144 42 135 172 0 16 145 164 177 168 150 77 110 72 46 187 32 132 91 66 185 58 129 133
43 190 16 74 75 167 189 194 94 92 70 92 188 168 99 134 107 42 156 68 54 134 25 117 83
127 153 75 184 153 15 147 128 45 47 6 121 44 6 151 183 42 72 164 165 25 176 177 23 192
76 78 143 64 85 56 80 93 157 134 50 195 89 143 20 184 100 191 119 65 162 22 182 194 50
16 25 79 183 13 169 142 57 123 171 79 168 89 168 18 155 12 42 102 100 25 195 137 108 41
8 179 97 85 168 118 189 74 165 5 9 193 83 86 197 154 23 92 8 82 75 153 106 92 188
16 54 50 157 99 175 118 30 122 179 129 187 62 183 93 14 24 70 64 182 150 68 95 28 71
100 188 28 124 109 33 162 44 135 143 79 152 23 113 139 1 117 71 79 20 15 79 80 180 78
149 71 110 83 18 132 114 31 71 70 40 17 80 68 77 1 5 37 136 57 183 159 62 25 8
60 108 36 162 64 180 192 168 165 66 175 42 26 154 62 196 50 175 187 153 90 117 133 50 35
33 167 146 170 19 160 164 0 5 10 36 89 50 51 70 9 168 192 133 109 63 49 101 33 39
155 180 134 33 123 64 62 192 115 45 107 62 61 27 133 61 92 181 145 85 50 18 121 49 142
17 189 22 28 141 31 168 145 122 131 169 5 9 59 153 26 48 37 118 124 146 132 42 58 156
89 79 156 2 13 11 199 43 47 135 66 171 95 3 98 26 165 29 61 48 6 182 43 40 111
102 83 8 140 172 107 103 194 78 178 150 14 96 4 185 179 29 27 198 161 15 158 106 130 104
3 39 147 101 86 142 153 6 42 137 159 47 130 68 198 165 156 3 181 106 14 79 36 161 24
87 155 168 23 171 176 26 6 91 121 96 59 161 56 1 46 81 15 156 120 50 4 26 76 53
28 169 144 7 198 141 59 24 69 43 104 27 97 31 142 121 114 199 33 40 188 35 17 19 131
82 87 169 92 188 69 89 136 39 188 126 10 23 11 11 61 188 180 185 158 93 101 146 17 194
162 46 173 32 171 15 11 164 63 50 109 2 167 155 177 102 51 109 74 85 136 2 57 4 199
164 95 160 74 178 149 97 117 117 112 130 149 158 93 149 192 135 120 149 1 11 104 105 172 140
181 100 105 138 35 120 32 66 105 124 158 191 127 145 192 70 66 2 53 67 10 179 14 148 43
186 188 182 139 163 2 17 107 25 166 82 181 126 186 65 180 128 175 56 45 145 78 181 77 83
89 93 76 95 112 144 157 11 57 94 171 25 160 19 55 128 66 172 179 70 85 174 38 90 172
96 129 24 97 181 75 149 138 119 189 165 144 114 61 96 137 42 16 180 61 133 67 46 71 184
58 32 32 197 168 92 1 172 188 37 55 109 106 174 74 165 181 141 124 98 172 45 100 4 11
4 114 169 66 29 119 54 113 27 98 60 179 37 48 89 128 110 56 137 94 153 124 41 114 137
0 126 55 13 140 95 130 160 172 134 119 116 72 147 170 144 154 74 119 31 61 48 81 103 197
117 43 186 131 65 24 64 144 97 154 84 8 16 117 74 136 112 175 153 166 145 191 109 90 49
24 169 77 2 68 7 169 156 136 175 110 16 52 6 71 127 119 44 116 77 137 198 65 70 64
95 184 141 33 57 82 24 133 139 21 145 128 142 48 89 155 51 145 50 75 189 105 67 46 80
86 171 28 15 23 15 116 138 116 1 82 146 101 30 183 101 156 195 180 135 97 75 47 159 188
170 0 55 99 111 162 88 11 107 120 96 8 115 87 9 97 130 89 193 61 114 84 15 44 39
44 117 44 50 186 194 160 195 122 200 71 147 106 50 59 14 151 188 126 88 58 171 90 106 157
22 71 13 25 83 36 7 27 184 6 78 148 196 148 68 44 178 53 80 58 21 78 35 93 45
61 14 146 14 29 125 48 82 179 63 81 87 185 138 58 112 81 45 158 52 3 37 105 188 79
135 193 31 94 101 44 76 47 124 194 152 195 148 122 162 66 31 43 193 32 148 88 191 31 98
196 0 138 54 137 162 174 53 96 141 104 38 50 47 82 184 195 128 173 95 192 42 195 66 96
111 178 58 136 134 40 7 66 123 61 134 36 165 146 181 149 97 15 197 26 125 66 81 194 187
48 143 22 131 142 98 27 162 195 184 197 128 109 155 158 115 164 169 71 123 10 70 163 67 21
16 128 155 41 0 46 78 125 79 159 37 48 53 71 132 0 187 137 85 187 137 149 182 35 148
134 98 164 134 171 24 101 66 152 18 176 6 21 116 165 54 54 155 108 37 127 123 119 108 140
195 121 149 116 11 105 19 54 164 2 16 79 109 63 152 175 110 57 13 155 197 126 185 167 187
183 18 43 154 159 148 166 191 146 24 37 28 112 144 80 4 81 69 97 51 10 134 76 59 124
90 46 109 196 136 31 75 143 61 132 171 4 108 156 81 56 142 113 88 86 116 11 185 197 30
122 157 145 176 175 79 10 46 152 36 156 165 161 185 125 173 124 1 44 30 151 175 142 157 141
155 48 100 14 198 98 109 198 175 117 122 74 77 165 69 55 138 182 13 198 94 65 22 136 183
152 31 166 3 88 87 156 79 79 114 125 196 55 176 185 41 62 172 48 58 162 75 164 54 136
92 35 12 113 98 31 139 64 142 196 29 55 111 191 193 52 38 7 160 172 174 59 86 130 123
42 194 12 107 43 131 173 4 163 23 12 136 200 94 126 85 55 97 86 182 35 133 40 51 89
16 110 8 41 111 181 12 17 74 47 105 127 196 4 101 177 69 70 187 13 13 66 168 95 186
135 5 14 15 180 75 28 173 134 85 98 127 98 25 32 14 64 171 175 132 59 60 102 116 104
55 113 65 85 107 182 16 67 12 10 53 39 66 131 1 12 12 77 90 141 16 167 118 184 125
100 59 93 67 152 48 169 47 66 58 124 94 188 41 46 84 112 30 152 178 114 63 23 107 86
174 123 84 5 131 57 46 158 125 114 70 153 149 132 186 25 107 47 30 99 124 1 8 89 30
6 77 154 3 147 114 125 176 102 51 105 112 145 0 156 144 140 147 99 45 78 36 136 68 106
57 127 55 93 41 9 148 189 89 102 143 70 58 108 114 90 61 65 153 138 136 166 100 65 131
71 192 84 1 108 40 17 103 167 164 121 20 191 119 188 136 4 35 19 50 168 89 110 73 122
137 153 0 132 75 39 117 59 86 150 163 159 32 13 75 181 157 103 55 33 62 43 92 90 16
132 9 163 15 147 184 165 117 193 190 66 59 127 142 178 85 117 86 33 64 85 5 191 149 2
59 187 68 57 106 106 50 122 6 109 37 86 167 49 197 142 153 77 119 3 21 50 7 40 135
89 6 79 117 152 198 60 30 173 131 179 43 107 8 66 154 90 98 152 122 195 171 148 67 120
73 2 67 190 181 39 113 118 157 72 1 130 169 136 6 82 95 13 54 191 127 13 127 73 166
38 55 132 39 163 163 120 63 167 140 24 180 75 0 141 105 181 1 81 119 149 81 42 32 94
38 154 59 15 85 154 170 98 174 160 85 70 43 155 183 152 85 101 151 157 15 166 45 195 197
191 116 144 94 175 68 145 178 59 156 62 178 144 199 51 39 139 22 70 23 158 102 80 178 199
119 65 190 171 78 145 54 75 169 74 68 56 5 117 112 4 182 164 65 41 182 123 152 155 20
158 140 59 137 104 79 13 4 135 187 61 196 70 37 109 75 95 49 35 100 114 81 174 136 59
111 103 170 147 115 114 1 5 172 10 93 7 34 139 89 122 81 199 147 40 144 62 104 92 159
198 166 27 191 175 12 101 157 80 170 122 33 90 43 46 119 170 174 97 14 103 109 48 97 51
58 70 33 31 122 159 32 45 187 108 12 117 22 101 168 25 92 124 38 76 114 72 137 25 78
116 151 100 79 110 137 156 176 41 145 110 182 131 102 141 59 62 106 151 172 121 86 171 165 67
168 155 173 118 185 84 154 5 3 70 43 159 91 124 40 172 33 170 46 53 162 82 162 21 54
151 144 29 143 18 154 64 158 8 124 150 199 47 75 58 52 108 89 91 34 134 29 17 184 30
179 117 147 177 200 142 65 92 125 182 5 55 135 130 182 84 76 133 120 63 183 170 2 43 45
90 158 25 155 24 39 62 3 188 22 103 36 38 56 145 53 96 125 14 125 99 80 192 179 192
52 168 173 145 59 108 184 148 133 38 62 43 191 172 54 126 181 1 68 72 0 134 181 47 85
130 98 144 166 80 32 75 39 48 134 119 161 74 190 43 72 7 181 173 5 2 49 18 72 163
1 114 93 170 184 21 173 57 133 8 186 55 44 21 59 28 152 155 188 173 124 38 85 8 60
108 65 165 117 197 75 41 65 118 50 43 189 197 142 106 58 56 12 74 28 69 181 20 11 17
8 89 119 98 172 84 193 60 181 157 116 62 142 164 153 154 10 69 155 199 56 182 102 183 38
91 81 136 135 95 134 57 40 127 153 8 24 24 18 77 148 140 165 187 88 189 160 32 80 55
97 73 105 151 122 63 22 95 188 56 121 199 94 123 142 150 48 151 155 33 164 142 165 61 133
88 59 170 39 106 40 157 135 151 72 3 128 184 172 29 177 190 188 109 180 48 178 193 73 4
199 160 179 88 70 106 185 42 28 198 176 102 56 87 53 163 187 86 56 190 78 144 200 81 63
112 40 17 173 89 119 165 99 180 154 193 126 153 35 137 117 64 149 76 23 3 89 37 197 111
79 81 18 168 29 65 98 105 172 17 162 104 2 42 11 30 105 178 31 199 199 169 150 14 152
145 182 157 151 192 189 183 174 11 179 45 31 97 149 23 118 144 38 15 164 39 28 71 173 165
101 34 85 166 5 117 121 126 165 36 59 82 59 153 154 69 191 16 159 94 86 34 119 159 51
12 163 21 182 26 168 78 28 64 180 113 151 159 172 43 43 21 39 25 128 105 167 83 48 141
159 19 90 63 18 77 95 12 117 138 61 51 111 144 126 139 198 31 78 124 112 35 42 4 33
181 16 193 121 100 149 60 173 53 85 187 11 106 25 155 31 117 86 177 81 62 173 163 70 133
170 157 51 100 135 158 75 84 34 119 19 32 161 5 138 193 43 166 70 176 1 173 111 94 149
11 0 177 155 84 47 159 20 16 196 129 200 150 30 67 25 61 140 191 160 117 104 176 46 7
163 90 189 33 176 111 112 13 109 34 63 79 93 127 128 151 147 83 72 62 176 4 138 164 163
199 153 26 14 199 95 159 146 174 101 184 36 43 2 75 182 52 98 56 91 128 9 144 70 127
120 182 57 61 78 53 0 130 156 186 170 24 117 43 86 117 35 161 25 16 101 158 23 87 129
132 197 10 199 140 112 37 13 195 77 143 34 76 113 19 2 179 66 74 9 141 33 153 49 19
148 63 26 53 62 0 36 98 196 160 116 66 106 63 98 192 37 75 98 167 12 141 107 10 51
187 197 100 96 151 50 60 27 11 9 56 154 51 194 174 173 18 54 130 117 167 83 89 87 42
133 54 178 92 95 152 122 122 184 84 178 12 168 153 139 6 41 30 187 144 127 193 108 21 119
120 75 81 182 163 44 181 58 1 14 174 57 194 190 135 116 56 163 140 25 113 1 51 177 179
185 67 125 162 171 49 117 199 48 188 169 181 33 110 4 139 146 116 0 103 160 175 198 91 131
35 48 17 56 76 101 122 42 149 189 3 194 28 29 51 28 3 105 71 189 114 130 187 145 148
12 176 107 170 130 93 67 45 107 85 127 17 171 61 102 23 64 125 55 25 75 180 59 182 10
59 25 82 125 144 53 169 170 41 155 23 161 130 41 149 85 144 29 167 102 3 185 158 196 200
111 182 182 198 0 186 65 65 155 4 132 20 71 26 48 149 81 3 65 162 169 127 42 133 2
38 192 171 178 171 188 73 38 93 58 6 76 8 33 157 78 80 135 44 76 137 95 73 148 78
128 95 6 41 163 51 153 188 200 104 200 161 77 46 179 15 161 94 161 15 195 125 34 49 46
164 56 161 83 182 124 99 172 183 63 128 197 72 46 87 146 1 190 79 116 105 12 50 71 99
21 116 15 156 184 191 196 170 115 119 160 111 18 84 55 162 73 195 136 23 88 173 46 28 46
171 101 56 200 189 51 53 50 90 172 86 176 15 44 189 193 10 73 179 114 146 7 41 106 58
23 53 181 132 112 17 155 162 199 102 73 137 124 168 146 45 24 3 30 199 91 77 28 8 118
189 94 172 148 63 31 194 41 127 8 55 146 45 154 61 124 63 97 52 149 111 182 107 141 146
111 32 134 159 195 134 196 168 197 188 2 0 114 184 135 12 55 162 10 32 153 1 153 112 150
192 74 168 50 51 100 124 87 107 126 1 102 98 19 107 190 96 128 78 121 94 45 42 198 110
37 189 79 169 157 193 80 67 180 113 192 10 48 50 53 99 199 177 52 141 9 124 2 182 45
160 19 23 118 186 115 175 130 47 188 26 196 197 60 58 131 137 3 78 103 170 106 157 155 75
50 55 62 25 150 6 179 62 127 107 45 43 111 1 132 4 135 17 98 195 131 35 2 116 127
61 160 55 66 60 87 81 179 106 134 196 3 163 195 195 69 116 5 182 49 99 78 84 17 169
50 95 118 144 157 51 27 92 76 191 57 159 177 200 81 181 31 84 43 54 164 130 197 92 0
186 95 163 70 185 72 83 146 143 111 48 2 6 2 84 141 97 7 4 177 55 76 91 189 74
64 32 119 187 58 158 15 128 63 74 9 191 152 48 150 71 180 165 191 139 56 155 90 197 34
198 24 97 89 165 171 166 45 42 66 122 44 119 29 129 4 35 92 123 77 44 78 77 31 54
116 155 34 112 43 53 26 65 62 35 191 93 147 2 96 138 131 148 138 100 200 14 83 157 90
94 166 105 33 74 126 133 106 54 165 92 35 57 192 197 66 41 147 4 91 106 78 48 139 23
184 34 36 173 86 107 103 73 156 106 9 185 54 135 119 8 57 29 81 199 186 55 2 28 112
94 17 137 101 63 155 57 43 156 105 7 26 185 111 172 122 105 163 20 112 113 62 104 142 68
45 2 25 87 51 151 179 167 185 160 23 140 128 111 101 158 1 119 88 147 81 179 59 39 14
81 162 60 98 120 192 134 159 55 154 150 11 0 191 40 146 134 26 158 35 31 120 67 38 183
73 48 53 200 91 99 65 144 97 194 72 36 60 104 48 200 100 172 119 15 72 171 70 159 153
141 118 118 126 172 71 137 123 24 172 98 9 184 6 123 138 8 119 160 80 186 183 11 20 124
129 147 179 27 59 43 97 22 87 68 197 33 115 46 172 47 198 77 151 73 94 2 84 5 89
56 132 29 82 68 99 191 140 94 132 136 87 27 167 64 67 20 195 94 171 43 157 125 135 22
155 53 192 55 139 97 180 62 16 135 120 173 192 76 24 30 102 139 44 99 131 137 95 150 174
94 190 92 108 119 0 40 96 23 6 51 17 99 76 7 158 91 21 177 110 86 117 95 169 15
58 43 89 112 123 28 4 81 29 136 121 66 54 37 192 186 161 131 12 154 160 36 122 41 105
59 152 82 185 111 141 95 72 194 54 154 106 56 7 56 52 170 104 189 130 104 142 121 30 178
52 123 43 198 197 127 192 73 1 28 45 69 177 145 159 70 158 147 38 174 164 174 146 142 90
56 52 176 113 181 187 124 116 33 95 199 171 120 62 35 113 187 96 118 55 141 47 1 158 198
42 157 8 55 172 12 36 133 82 134 97 136 28 116 2 97 16 196 36 177 82 158 36 87 181
166 112 175 40 183 195 18 70 168 13 26 196 187 87 132 80 85 128 139 104 96 24 45 53 4
74 178 0 11 186 37 156 10 101 115 10 153 190 40 135 32 143 92 149 20 83 22 195 101 4
16 67 27 20 169 103 125 200 40 108 109 99 135 119 28 169 134 97 126 97 180 196 46 110 117
145 183 80 173 26 108 125 111 41 50 172 125 18 162 36 48 99 57 28 120 159 109 35 33 191
26 164 30 193 130 161 42 90 173 126 25 49 18 61 5 185 9 191 74 41 166 199 172 160 140
36 28 130 119 63 115 137 148 32 103 9 158 172 53 85 24 146 74 156 82 153 190 80 32 60
158 161 100 17 58 90 79 171 165 31 140 151 158 176 49 134 163 161 157 196 50 75 181 31 179
26 130 173 51 3 120 49 24 125 115 155 9 165 4 79 82 60 102 91 17 150 153 181 36 196
142 24 144 193 168 112 163 190 38 117 169 185 167 113 63 39 131 89 171 116 84 86 198 170 109
41 112 156 122 187 53 111 75 92 105 183 181 48 76 123 35 109 14 139 147 198 35 4 182 128
20 62 136 34 144 125 186 66 46 25 15 36 102 107 175 40 87 184 35 3 108 68 31 25 95
168 88 172 44 136 187 98 35 125 197 24 100 169 80 125 46 137 45 98 59 138 41 113 8 16
169 147 144 70 85 89 114 180 74 35 56 10 104 98 193 91 124 37 56 2 23 71 93 21 116
76 58 195 42 176 24 101 6 122 72 20 27 30 109 2 98 161 157 86 43 76 152 158 52 24
186 168 129 113 165 6 22 44 158 195 91 78 8 95 47 89 79 149 21 69 65 197 37 64 24
64 119 109 86 182 170 123 14 163 87 78 7 38 177 67 124 23 123 175 14 86 20 197 34 121
75 54 197 173 159 151 164 138 186 167 55 52 179 181 182 52 160 106 12 37 56 130 189 29 190
38 195 46 45 72 133 18 193 114 40 151 101 154 183 190 189 3 82 115 8 150 158 31 178 78
191 184 36 138 143 6 35 164 88 7 66 198 60 200 103 62 72 106 44 67 198 37 177 32 159
