54 19 4 46 80 46 11 89 100 59 74 88 5 49 67 8 50 18 50 90 23 74 46 29 17
0 84 82 68 56 51 81 95 58 93 82 13 44 81 10 5 89 77 3 27 20 39 7 29 47
100 44 22 42 88 58 43 66 65 97 53 81 67 16 57 85 20 23 31 4 6 94 5 73 8
84 31 98 8 1 97 20 59 73 52 64 64 82 92 62 27 40 59 44 60 11 74 25 45 17
61 18 38 83 86 14 74 86 34 13 37 32 27 72 56 99 89 54 49 72 48 96 86 68 31
28 48 71 49 33 15 100 42 8 86 51 90 17 38 88 85 77 65 37 53 12 68 35 14 16
20 74 73 77 76 25 3 16 40 79 96 94 43 45 40 50 73 48 56 7 76 85 90 50 45
91 1 12 48 62 6 54 21 24 89 24 63 19 59 70 40 6 65 34 44 75 15 29 98 71
17 71 37 82 19 9 83 73 63 16 9 71 96 90 32 80 82 35 83 2 35 4 87 89 77
78 71 15 62 71 85 87 98 6 55 39 37 49 36 0 89 98 66 57 43 1 12 44 44 6
98 79 57 100 74 37 56 69 50 90 14 65 47 87 69 96 68 32 73 57 82 19 42 26 49
22 64 48 48 10 0 3 28 25 64 84 50 64 8 9 78 68 80 23 34 68 16 21 67 92
63 68 98 38 55 40 70 41 4 96 12 28 39 55 15 21 38 34 58 48 5 32 0 78 43
62 77 67 27 35 75 4 87 10 87 69 36 76 44 52 41 12 23 59 64 84 52 95 27 59
78 71 41 93 89 94 62 46 99 25 27 21 96 62 12 39 81 57 92 78 1 7 7 97 20
68 15 37 92 21 38 67 10 11 27 34 77 63 29 97 5 46 85 89 11 58 95 3 7 33
94 48 1 12 32 86 31 65 53 96 97 47 51 26 91 59 84 17 84 35 56 89 96 44 57
87 44 100 73 37 100 67 0 42 21 57 34 88 53 54 9 33 2 67 73 39 24 61 81 24
90 72 14 4 81 52 13 86 7 63 42 89 54 64 64 88 10 78 8 9 21 90 43 25 66
31 8 34 76 18 91 0 56 53 23 53 50 14 80 11 10 96 70 92 99 71 28 59 82 2
49 31 19 4 22 41 42 84 59 88 77 88 51 65 47 62 75 52 60 97 89 46 30 84 48
70 63 0 43 44 11 75 50 45 12 14 53 53 71 34 52 35 25 8 56 46 34 6 25 13
75 93 31 19 64 54 87 44 75 59 8 9 4 73 51 44 78 26 54 93 5 22 37 2 95
9 0 29 83 45 25 90 32 100 19 60 34 78 50 17 30 69 97 70 8 53 65 48 66 46
66 52 78 98 59 48 46 14 8 96 95 10 49 86 56 48 38 77 36 1 16 44 20 79 33
0 31 75 0 38 89 32 34 93 85 92 100 31 14 95 82 52 49 44 81 84 7 75 26 37
55 43 47 99 5 36 13 81 10 26 25 94 50 31 39 57 61 48 8 59 0 56 58 2 64
25 24 23 75 51 31 83 19 72 87 34 77 74 40 38 85 46 88 86 99 71 43 38 7 2
22 53 16 14 20 69 32 39 14 96 13 12 31 56 83 95 58 55 84 10 14 22 46 1 89
58 89 57 80 44 36 82 0 43 47 100 26 47 23 71 27 51 0 6 86 99 24 35 78 62
60 57 62 9 80 52 48 78 72 68 75 55 87 74 51 52 24 86 43 70 51 11 48 37 39
35 68 25 52 78 65 45 15 26 19 7 24 34 73 26 10 2 88 23 6 65 94 47 17 34
8 60 57 65 3 97 19 48 79 99 48 31 13 40 10 57 50 22 67 41 51 96 44 2 68
36 42 65 69 94 12 37 73 90 8 24 91 73 14 87 71 93 35 64 8 84 71 23 79 73
35 15 30 82 43 8 61 46 53 65 95 80 16 100 92 8 55 59 39 93 40 97 89 99 32
38 7 33 69 25 33 60 7 91 46 33 32 53 43 73 57 80 74 18 29 40 24 2 73 41
57 10 38 92 3 77 83 48 31 85 16 4 36 65 49 97 88 67 25 25 51 84 74 39 97
52 31 87 28 89 65 14 96 29 13 14 98 54 40 39 43 14 72 6 37 37 88 51 16 21
67 18 62 6 78 13 13 89 58 69 82 92 87 66 40 22 76 36 59 47 63 72 66 14 36
32 90 47 94 67 32 50 16 58 99 35 63 91 72 94 16 47 25 70 68 35 77 58 75 20
50 30 96 87 78 22 1 71 15 48 88 15 77 69 10 2 1 5 87 60 33 14 23 15 36
77 65 92 90 53 64 28 81 86 64 37 78 95 41 80 61 81 10 67 25 34 38 72 75 13
23 77 51 6 27 94 66 35 41 81 32 19 76 53 56 58 33 58 78 50 24 41 5 62 22
87 93 77 58 10 6 97 16 19 85 78 59 23 2 5 77 16 78 68 40 7 53 67 36 70
12 92 3 17 13 19 44 6 50 50 4 44 89 2 20 42 76 82 56 78 21 12 33 23 0
86 2 71 47 96 0 1 26 36 18 2 3 99 6 72 57 16 75 15 65 21 97 13 36 47
0 2 64 21 53 83 83 23 30 2 71 87 16 8 36 82 100 18 52 6 48 12 72 3 81
41 30 15 30 10 73 22 6 8 24 59 4 30 94 19 79 86 59 94 3 9 29 43 27 63
93 2 10 68 35 0 2 63 29 24 80 5 58 13 56 59 37 58 98 51 65 57 85 9 87
25 13 18 6 16 16 89 19 70 19 18 28 42 70 1 3 6 90 48 47 12 51 44 67 66
3 38 25 39 21 14 24 80 89 89 2 64 91 70 50 50 66 38 66 99 89 21 1 63 3
48 55 100 26 5 96 89 72 25 19 27 12 28 19 78 34 6 45 18 61 33 24 89 39 47
3 6 70 29 89 51 63 95 68 40 74 23 42 39 18 70 87 70 84 70 95 31 74 89 95
47 36 73 52 50 21 24 32 13 94 25 93 47 13 35 67 59 97 81 60 42 45 64 39 22
54 73 6 53 51 3 11 30 30 42 10 51 49 2 85 9 70 43 83 43 10 28 61 78 79
1 49 34 94 33 15 51 25 70 49 47 67 79 31 12 76 15 100 92 39 58 40 100 14 52
74 80 30 35 96 31 92 34 49 90 26 0 15 100 39 34 90 44 18 77 27 78 57 88 1
86 91 50 97 89 93 54 70 61 78 27 75 67 41 13 68 22 56 45 97 10 3 48 12 97
84 49 70 21 8 5 68 23 38 62 42 87 84 8 45 29 65 9 53 17 85 88 83 39 4
71 99 24 61 49 57 26 45 0 39 38 69 13 91 60 83 24 1 39 45 97 6 0 35 36
79 78 20 68 65 59 50 40 33 34 75 73 11 72 67 66 19 86 90 21 5 69 16 97 8
3 70 100 27 22 94 24 96 0 57 25 67 0 97 22 16 36 19 24 48 63 40 97 33 3
49 92 57 29 62 29 96 63 7 34 44 85 37 12 6 56 58 81 4 100 68 86 83 44 10
43 48 31 16 51 65 7 72 62 6 49 41 74 36 20 5 16 95 79 37 99 31 66 5 87
36 87 56 43 6 93 24 75 30 85 37 17 73 68 61 53 49 83 68 77 58 95 10 100 59
59 1 70 23 90 80 29 32 99 51 4 9 92 90 0 76 9 28 12 64 15 71 9 83 23
33 56 51 82 40 64 53 33 89 25 1 47 31 82 58 43 95 14 39 22 52 23 25 34 76
99 74 5 67 15 59 72 25 100 84 44 90 3 38 55 26 24 88 62 95 91 30 97 89 50
98 52 25 80 95 52 73 8 14 43 8 90 11 55 71 69 71 26 42 14 64 86 62 6 45
67 30 45 22 41 65 90 24 29 99 76 62 26 1 28 57 26 73 86 72 49 66 38 58 39
61 99 69 0 71 76 28 34 60 88 51 86 100 64 42 89 88 59 40 8 64 93 70 17 64
62 10 47 88 96 31 43 53 35 64 14 44 46 22 35 16 26 38 41 4 96 9 10 94 10
73 70 77 60 10 68 89 60 10 87 12 77 65 23 70 10 31 54 31 93 100 15 8 39 92
31 75 41 93 51 28 1 8 72 85 11 72 54 38 6 78 78 47 52 76 29 46 12 50 10
78 76 8 78 34 0 83 88 52 91 15 66 78 93 89 74 69 21 36 26 91 26 8 5 78
100 41 8 76 29 96 51 66 19 52 78 74 72 80 48 99 53 50 55 23 18 16 65 25 41
8 35 63 0 45 86 36 6 36 72 38 90 94 68 92 72 77 98 60 60 61 64 97 72 15
37 43 54 61 87 73 19 44 57 15 90 81 80 70 87 59 69 91 33 62 15 10 33 15 32
84 33 21 13 25 22 68 57 84 69 99 8 85 50 83 16 71 53 2 54 7 30 24 97 58
22 7 80 20 100 66 93 55 31 73 86 21 42 85 54 32 13 71 55 70 76 37 12 20 34
9 80 1 31 47 63 6 13 34 0 19 16 9 90 25 12 93 15 40 40 77 57 74 84 7
43 32 10 15 72 75 55 64 32 1 57 31 42 96 16 69 3 80 78 35 100 77 13 61 28
10 39 74 64 48 97 86 97 72 66 27 97 46 81 28 29 27 16 24 84 75 22 57 2 56
97 79 69 84 77 89 78 78 54 14 92 85 31 49 5 16 27 93 43 96 85 23 77 20 24
20 22 91 7 46 56 59 6 88 40 67 35 31 33 52 69 93 92 13 49 45 81 71 79 18
39 82 74 29 49 28 8 76 64 87 8 1 95 83 84 95 3 36 8 77 42 29 12 0 8
30 79 13 57 78 83 19 47 40 1 56 80 54 40 92 58 1 20 22 69 76 100 55 18 22
85 42 88 49 28 11 82 63 23 46 1 20 58 67 81 83 30 99 88 11 19 34 7 56 43
45 32 69 6 20 99 81 41 99 16 47 87 60 69 37 26 32 67 73 50 77 22 52 48 54
80 15 21 44 72 24 22 19 20 74 96 30 47 42 46 22 22 21 53 46 82 66 19 48 59
15 43 65 97 55 59 90 19 54 10 68 67 28 94 11 73 88 39 46 48 91 74 70 57 47
96 90 44 61 6 36 35 5 94 80 2 59 15 89 78 12 65 83 54 43 34 40 6 26 68
29 81 56 25 89 51 39 16 76 6 23 61 44 40 24 0 78 28 27 20 34 43 65 80 38
47 25 46 76 14 49 9 13 3 72 47 63 51 20 19 68 0 88 64 91 19 10 10 43 39
13 65 27 82 33 77 40 6 31 87 94 48 64 42 17 65 65 69 82 90 69 34 91 6 69
99 74 40 75 81 5 51 75 36 93 67 55 19 66 58 59 59 44 28 21 45 68 97 61 70
46 42 69 47 77 88 2 47 85 38 80 2 22 72 78 8 35 17 70 33 19 68 59 75 84
17 46 8 13 27 17 13 15 99 4 8 84 57 79 80 60 65 22 56 28 0 76 32 46 52
3 63 73 50 70 44 11 54 86 82 22 50 80 53 43 91 97 40 16 77 79 76 10 62 42
66 83 54 43 39 94 2 25 21 31 34 71 78 92 18 18 90 93 54 72 38 75 78 61 52
